================================================================================
Rule No. 178 : CNTW -- Man CNT Width  0.50

Real Error Count : 1; Flat Error Count : 1
================================================================================

--------------------------------------------------------------------------------
Cell Name : zxw_mux2to1 layout2 zxw_lib

                   Cell Errors    Real Errors   Cell Placements     Environments
                             1              1                 1                1
--------------------------------------------------------------------------------
Env.  Env. Placements            X1           Y1          X2           Y2

  1        1                 20.700       17.200      21.250       17.700

Shape               Environments Status & Error Marker 

          1           X1         Y1         X2         Y2

   1      X       20.700     17.200     21.250     17.700

================================================================================
Rule No. 180 : CTOVGT -- CnT OVer GaTe poly CTOVGT

Real Error Count : 1; Flat Error Count : 1
================================================================================

--------------------------------------------------------------------------------
Cell Name : zxw_mux2to1 layout2 zxw_lib

                   Cell Errors    Real Errors   Cell Placements     Environments
                             1              1                 1                1
--------------------------------------------------------------------------------
Env.  Env. Placements            X1           Y1          X2           Y2

  1        1                 20.700       17.200      21.250       17.700

Shape               Environments Status & Error Marker 

          1           X1         Y1         X2         Y2

   1      X       20.700     17.200     21.250     17.700

================================================================================
Rule No. 182 : PCTACS -- Layer p1Cnt not allowed to overlap ACT

Real Error Count : 1; Flat Error Count : 1
================================================================================

--------------------------------------------------------------------------------
Cell Name : zxw_mux2to1 layout2 zxw_lib

                   Cell Errors    Real Errors   Cell Placements     Environments
                             1              1                 1                1
--------------------------------------------------------------------------------
Env.  Env. Placements            X1           Y1          X2           Y2

  1        1                 20.700       17.200      21.250       17.700

Shape               Environments Status & Error Marker 

          1           X1         Y1         X2         Y2

   1      X       20.700     17.200     21.250     17.700

================================================================================
Rule No. 184 : M1EOCT -- Min M1 Enclosure Of CnT < 0.20

Real Error Count : 4; Flat Error Count : 4
================================================================================

--------------------------------------------------------------------------------
Cell Name : zxw_mux2to1 layout2 zxw_lib

                   Cell Errors    Real Errors   Cell Placements     Environments
                             4              4                 1                1
--------------------------------------------------------------------------------
Env.  Env. Placements            X1           Y1          X2           Y2

  1        1                 20.698       17.198      21.252       17.702

Shape               Environments Status & Error Marker 

          1           X1         Y1         X2         Y2

   1      X       20.698     17.200     20.702     17.700
   2      X       20.700     17.198     21.250     17.202
   3      X       20.700     17.698     21.250     17.702
   4      X       21.248     17.200     21.252     17.700

================================================================================
Rule No. 186 : M1W -- Min M1 Width < 0.60

Real Error Count : 1; Flat Error Count : 1
================================================================================

--------------------------------------------------------------------------------
Cell Name : zxw_mux2to1 layout2 zxw_lib

                   Cell Errors    Real Errors   Cell Placements     Environments
                             1              1                 1                1
--------------------------------------------------------------------------------
Env.  Env. Placements            X1           Y1          X2           Y2

  1        1                 20.700       17.200      21.250       17.700

Shape               Environments Status & Error Marker 

          1           X1         Y1         X2         Y2

   1      X       20.700     17.200     21.250     17.700

================================================================================
Rule No. 190 : M1EOVI -- Min M1 Enclosure Of VIa < 0.20

Real Error Count : 5; Flat Error Count : 5
================================================================================

--------------------------------------------------------------------------------
Cell Name : zxw_mux2to1 layout2 zxw_lib

                   Cell Errors    Real Errors   Cell Placements     Environments
                             5              5                 1                1
--------------------------------------------------------------------------------
Env.  Env. Placements            X1           Y1          X2           Y2

  1        1                 10.900       17.068      21.252       17.832

Shape               Environments Status & Error Marker 

          1           X1         Y1         X2         Y2

   1      X       10.900     17.068     11.050     17.832
   2      X       20.698     17.200     20.702     17.700
   3      X       20.700     17.198     21.250     17.202
   4      X       20.700     17.698     21.250     17.702
   5      X       21.248     17.200     21.252     17.700

================================================================================
Rule No. 193 : VIAW -- Man VIA Width  0.50

Real Error Count : 2; Flat Error Count : 2
================================================================================

--------------------------------------------------------------------------------
Cell Name : zxw_mux2to1 layout2 zxw_lib

                   Cell Errors    Real Errors   Cell Placements     Environments
                             2              2                 1                1
--------------------------------------------------------------------------------
Env.  Env. Placements            X1           Y1          X2           Y2

  1        1                 11.050       17.200      21.250       17.700

Shape               Environments Status & Error Marker 

          1           X1         Y1         X2         Y2

   1      X       11.050     17.200     11.600     17.700
   2      X       20.700     17.200     21.250     17.700

================================================================================
Rule No. 197 : VINOM2 -- VIa with NO M2 cover VINOM2

Real Error Count : 6; Flat Error Count : 6
================================================================================

--------------------------------------------------------------------------------
Cell Name : zxw_mux2to1 layout2 zxw_lib

                   Cell Errors    Real Errors   Cell Placements     Environments
                             6              6                 1                1
--------------------------------------------------------------------------------
Env.  Env. Placements            X1           Y1          X2           Y2

  1        1                  3.350        6.850      23.350       15.700

Shape               Environments Status & Error Marker 

          1           X1         Y1         X2         Y2

   1      X        3.350      6.850      3.850      7.350
   2      X        5.800     15.200      6.300     15.700
   3      X       13.700      6.850     14.200      7.350
   4      X       16.500      6.850     17.000      7.350
   5      X       16.500     15.200     17.000     15.700
   6      X       22.850      6.850     23.350      7.350

