
            Assura (tm) Physical Verification Version av3.2:Production:dfII5.1.41:5.10.41_USR6.18
            Release 3.2_USR1_HF1

Copyright (c) Cadence Design Systems. All rights reserved.
@(#)$CDS: assura version av3.2:Production:dfII5.1.41:5.10.41_USR6.18 11/06/2008 10:57 (logavt05) $
sub-version 3.2_USR1_HF1, integ signature 2008-11-05-1153

run on vlsi-legacy from /tools/cadence/ASSURA/3.2-5141/tools.lnx86/assura/bin/32bit/assura on Sat Sep 27 18:43:44 2014

Checking out 1 license for Assura_RCX 3.10
ERROR (LM -30): license server ("kgcoe-license.main.ad.rit.edu") does not support feature "Assura_RCX" (run 'lic_error -30' for more information)
ERROR (LM -30): license server ("kgcoe-license.main.ad.rit.edu") does not support feature "Assura_RCX" (run 'lic_error -30' for more information)

Starting /tools/cadence/ASSURA/current/tools/assura/bin/avRCXxref /home/zxw6805/ee620/rcx.zxw_mux2to1.rsf
@(#)$CDS: avRCXxref version av3.2:Production:dfII5.1.41:5.10.41_USR6.18 11/06/2008 10:58 (logavt05) $
sub-version 3.2_USR1_HF1, integ signature 2008-11-05-1153
run on vlsi-legacy at Sat Sep 27 18:43:44 2014
Reading rsf

Finished /tools/cadence/ASSURA/current/tools/assura/bin/avRCXxref
Constructing the RCX run script
*WARNING* at "RCXspice": ?extractMosDiffusionAP option will be retired in the next release.


*** ASSURA capgen VERSION 3.1.7 Red Hat Linux release 7.2 (Enigma) - (09/26/2008-14:18)  ***


**********************************************************************
*				    				     *
*	   (c) Copyright 2014, Cadence Design Systems, Inc.	     *
*			 All rights reserved.			     *
*				    				     *
*  This software is the confidential and proprietary information of  *
*  Cadence Design Systems, Inc. and may not be copied or reproduced  *
*   in whole or in part onto any medium without Cadence's express    *
*    prior written consent. Unpublished rights reserved under all    *
*		 copyright laws of the United States.		     *
*				    				     *
*		     Cadence Design Systems, Inc.		     *
*			555 River Oaks Parkway			     *
*			  San Jose, CA 95134			     *
*				    				     *
*				    				     *
**********************************************************************



capgen Capgen results will be written to directory: /home/zxw6805/ee620/zxw_mux2to1
Forking:  /tools/cadence/ASSURA/current/tools/assura/bin/32bit/capgen -techdir /classes/ee620/ami500hakx.6.11/Rev6.11/rcx3 -lvs /home/zxw6805/ee620/zxw_mux2to1.xcn -p2lvs /classes/ee620/ami500hakx.6.11/Rev6.11/rcx3/p2lvsfile -p poly,gate,active -no_vertical_cap poly,poly2 -mos_diff_ap_nw -length_units microns -cdl /home/zxw6805/ee620/zxw_mux2to1
*INFO* at "RCXspice": the automatic substrate resolution feature will become default in AV3.1.7. This feature can be activated in AV316_USR2 by the environment variable QRC_AUTO_SUBSTRATE_RESOLUTION=Y
*WARNING* at "RCXspice": p2lvsfile in tech directory does not have resistance 
 temperature coefficients (TC1, TC2). ?temperature is ignored 
*WARNING* at "RCXspice": There are no non-empty MOS/LDD devices with diffusion layer 'active' and poly layer 'poly'. Cannot perform gate capacitance blocking for user-specified layer 'gate'.

Successfully created RCX script '/home/zxw6805/ee620/zxw_mux2to1/rcx.sh'
ERROR (LM -30): license server ("kgcoe-license.main.ad.rit.edu") does not support feature "Assura_RCX" (run 'lic_error -30' for more information)
##=======================================================
##ADD_EXPLICIT_VIAS=N
##ADD_BULK_TERMINAL=N
##AGDS_FILE=/dev/null
##AGDS_LAYER_MAP_FILE=/dev/null
##AGDS_SPICE_FILE=/dev/null
##AGDS_TEXT_LAYERS=
##ARRAY_VIAS_SPACING=
##ASSURA_RUN_DIR=/home/zxw6805/ee620
##ASSURA_RUN_NAME=zxw_mux2to1
##BLACK_BOX_CELLS=/dev/null
##BREAK_WIDTH=
##CAP_COUPLING_FACTOR=1.0
##CAP_EXTRACT_MODE=coupled
##CAP_GROUND=gnd!
##CAP_MODELS=no
##DANGLINGR=N
##DEVICE_FINGER_DELIMITER='@'
##DF2=N
##DRACULA_RUN_DIR=
##DRACULA_RUN_NAME=
##EXCLUDE_FLOAT_LIMIT=
##EXCLUDE_FLOAT_DECOPULING_FACTOR=
##EXCLUDE_FLOATING_NETS=N
##EXCLUDE_NETS_REDUCERC=/dev/null
##EXCLUDE_SELF_CAPS=Y
##EXTRACT=both
##EXTRACT_MOS_DIFFUSION_AP=Y
##EXTRACT_MOS_DIFFUSION_HIGH=
##EXTRACT_MOS_DIFFUSION_RES=N
##FILTER_SIZE=2.0
##FIXED_NETS_FILE=/dev/null
##FMAX=
##FRACTURE_LENGTH_UNITS=microns
##FREQUENCY_FILE=/dev/null
##GROUND_NETS=
##GROUND_NETS_FILE=/dev/null
##HCCI_DEV_PROP=7
##HCCI_INST_PROP=6
##HCCI_NET_PROP=5
##HCCI_RULE_FILE=
##HCCI_RUN_DIR=
##HCCI_RUN_NAME=
##HEADER_FILE=/dev/null
##HIERARCHY_DELIMITER='/'
##HRCX_CELLS_FILE=/dev/null
##IMPORT_GLOBALS=Y
##LADDER_NETWORK=N
##LVS_SOURCE=assura
##M_FACTORR=
##M_FACTORW=N
##MACRO_CELL=Y
##MAX_FRACTURE_LENGTH=infinite
##MAX_SIGNALS=
##MERGE_PARALLEL_R=N
##MINC=1e-17
##MINC_BY_PERCENTAGE=0.1
##MINR=0.001
##NET_NAME_SPACE=layout
##NETS_FILE=/dev/null
##OUTPUT=/home/zxw6805/ee620/zxw_mux2to1.sp
##OUTPUT_NET_NAME_SPACE=Schematic
##PARASITIC_CAP_MODELS=no
##PARASITIC_RES_MODELS=no
##PARASITIC_RES_LENGTH=N
##PARASITIC_RES_WIDTH=N
##PARASITIC_RES_WIDTH_DRAWN=N
##PARTIALCAPBLOCKING=N
##PARTIAL_BLOCKING=N
##PEEC=N
##PIN_ORDER_FILE=/dev/null
##PIPE_ADVGEN=
##PIPE_SPICE2DB=
##POWER_NETS=
##POWER_NETS_FILE=/dev/null
##RC_FREQUENCY=
##RCXDIR=/home/zxw6805/ee620/zxw_mux2to1
##RCXFS_HIGH=N
##RCXFS_NETS_FILE=/dev/null
##RCXFS_TYPE=none
##RCXFS_CUTOFF_DISTANCE=
##RCXFS_CUTOFF_DISTANCE=
##RCXFS_CUTOFF_DISTANCE=
##RCXFS_CUTOFF_DISTANCE=
##RCXFS_CUTOFF_DISTANCE=
##RCXFS_VIA_OFF=N
##REDUCERC=N
##REGION_LIMIT=
##RES_MODELS=no
##RISE_TIME=
##SAVE_FILL_SHAPES=N
##SINGLE_CAP_EDSPF=N
##SEISMIC=N
##SHOW_DIODES=N
##SKIN_FREQUENCY=
##SPEF=N
##SPEF_UNITS=
##SPLIT_PINS=N
##SPLIT_PINS_DISTANCE=
##SUB_NODE_CHAR='#'
##SUBSTRATE_PROFILE=/dev/null
##SUBSTRATE_STAMPING_OFF=N
##TEMPDIR=/tmp
##TEMPERATURE=25.0
##TYPE=full
##USER_REGION=/dev/null
##VARIANT_CELL_FILE=/dev/null
##VIA_EFFECT_OFF=N
##VIRTUAL_FILL=
##XREF=/home/zxw6805/ee620/zxw_mux2to1.gnx,/home/zxw6805/ee620/zxw_mux2to1.gdx
##XY_COORDINATES=
##=======================================================

CASE_SENSITIVE=TRUE
export CASE_SENSITIVE
TEMPDIR=`setTempDir /tmp`
setTempDir /tmpexport TEMPDIR
DEVICE_FINGER_DELIMITER='@'
HIERARCHY_DELIMITER='/'
cd /home/zxw6805/ee620/zxw_mux2to1
cat <<ENDCAT> caps2dversion
* caps2d version: 7
ENDCAT
cat <<ENDCAT> flattransUnit.info
microns
ENDCAT

#==========================================================#
# Generate RCX input data from Assura LVS database
#==========================================================#

vdbToRcx /home/zxw6805/ee620 zxw_mux2to1 -unit microns -- -V1 -H satfile -r \
	/home/zxw6805/ee620/zxw_mux2to1.xcn -xgl

@(#)$CDS: vdbToRcx version av3.2:Production:dfII5.1.41:5.10.41_USR6.18 11/06/2008 11:09 (logavt05) $
3.1.7 Red Hat Linux release 7.2 (Enigma) - (03/21/2008-16:55)
Opening LVS data for zxw_mux2to1 in /home/zxw6805/ee620
Open time is 0.0 sec.
Build pins/attributes took 0.0 sec.
Processing M3TEXT                                0 shapes 0.0 sec.
Processing M1TEXT                                0 shapes 0.0 sec.
Processing M3TEXTPIN                             4 shapes 0.0 sec.
Processing M1TEXTPIN                             2 shapes 0.0 sec.
create satfile took  0.0 user, 0.0 sys, 0.0 elapsed, 81796.0 kbytes
write edge M3TEXT took  0.0 user, 0.0 sys, 0.0 elapsed, 81796.0 kbytes
write edge M1TEXT took  0.0 user, 0.0 sys, 0.0 elapsed, 81796.0 kbytes
write edge M3TEXTPIN took  0.0 user, 0.0 sys, 0.0 elapsed, 81796.0 kbytes
write edge M1TEXTPIN took  0.0 user, 0.0 sys, 0.0 elapsed, 81796.0 kbytes
Building net map file.		0.0 sec.
create netmap file took 0.0 user, 0.0 sys, 0.0 elapsed, 81796.0 kbytes
create net file took 0.0 user, 0.0 sys, 0.0 elapsed, 81796.0 kbytes
*WARNING* at "clv.a": No bipolar models provided. Can't create bipolar files
*WARNING* at "clv.a": No resistor models provided. Can't create resistor files
*WARNING* at "clv.a": No capacitor models provided. Can't create capacitor file
*WARNING* at "clv.a": No diode models provided. Can't create diode files
*WARNING* at "clv.a": no generic models in rule file
Device creation took 0.0 sec
Processing VIA                                  17 shapes 0.0 sec.
write edge VIA took  0.0 user, 0.0 sys, 0.0 elapsed, 81928.0 kbytes
Processing naaCnt                               45 shapes 0.0 sec.
write edge naaCnt took  0.0 user, 0.0 sys, 0.0 elapsed, 81928.0 kbytes
Processing pTubTie                               1 shapes 0.0 sec.
write edge pTubTie took  0.0 user, 0.0 sys, 0.0 elapsed, 82060.0 kbytes
Processing nTubTie                               1 shapes 0.0 sec.
write edge nTubTie took  0.0 user, 0.0 sys, 0.0 elapsed, 82192.0 kbytes
Processing VI2                                   8 shapes 0.0 sec.
write edge VI2 took  0.0 user, 0.0 sys, 0.0 elapsed, 82324.0 kbytes
write edge pMos_MOS_63 took  0.0 user, 0.0 sys, 0.0 elapsed, 82324.0 kbytes
write edge nMos_MOS_62 took  0.0 user, 0.0 sys, 0.0 elapsed, 82324.0 kbytes
Processing pMos_MOS_63                           5 shapes 0.0 sec.
Processing nMos_MOS_62                           5 shapes 0.0 sec.
Processing pmosSd_S                              8 shapes 0.0 sec.
write edge pmosSd_S took  0.0 user, 0.0 sys, 0.0 elapsed, 82460.0 kbytes
Processing nmosSd_S                              8 shapes 0.0 sec.
write edge nmosSd_S took  0.0 user, 0.0 sys, 0.0 elapsed, 82604.0 kbytes
Processing pnpCollector_S                        1 shapes 0.0 sec.
write edge pnpCollector_S took  0.0 user, 0.0 sys, 0.0 elapsed, 82736.0 kbytes
Processing ptubs_S                               1 shapes 0.0 sec.
write edge ptubs_S took  0.0 user, 0.0 sys, 0.0 elapsed, 82868.0 kbytes
Processing ntubNotRes_S                          1 shapes 0.0 sec.
write edge ntubNotRes_S took  0.0 user, 0.0 sys, 0.0 elapsed, 83000.0 kbytes
Processing psd                                   9 shapes 0.0 sec.
write edge psd took  0.0 user, 0.0 sys, 0.0 elapsed, 83132.0 kbytes
Processing nsd                                   9 shapes 0.0 sec.
write edge nsd took  0.0 user, 0.0 sys, 0.0 elapsed, 83264.0 kbytes
Processing m3NoRes                               4 shapes 0.0 sec.
write edge m3NoRes took  0.0 user, 0.0 sys, 0.0 elapsed, 83396.0 kbytes
Processing m2NoRes                               8 shapes 0.0 sec.
write edge m2NoRes took  0.0 user, 0.0 sys, 0.0 elapsed, 83528.0 kbytes
Processing m1NoRes                              15 shapes 0.0 sec.
write edge m1NoRes took  0.0 user, 0.0 sys, 0.0 elapsed, 83660.0 kbytes
Processing paaCnt                               82 shapes 0.0 sec.
write edge paaCnt took  0.0 user, 0.0 sys, 0.0 elapsed, 83792.0 kbytes
Processing p1Cnt                                 8 shapes 0.0 sec.
write edge p1Cnt took  0.0 user, 0.0 sys, 0.0 elapsed, 83924.0 kbytes
Processing poly1NoRes                            5 shapes 0.0 sec.
write edge poly1NoRes took  0.0 user, 0.0 sys, 0.0 elapsed, 84056.0 kbytes
sort edges took  0.0 user, 0.2 sys, 0.0 elapsed, 2336.0 kbytes
sort labels took  0.0 user, 0.0 sys, 0.0 elapsed, 2244.0 kbytes
sort edges and labels took  0.1 user, 0.2 sys, 0.0 elapsed, 83796.0 kbytes

	vdbToRcx System Usage:
	Elapsed:     1 seconds.
	CPU:         0.1 seconds
	Memory      13 Meg
#==========================================================#
# Generate power list
#==========================================================#

cat global.net > power_list

#==========================================================#
# Ensure vias do not extend beyond routing
#==========================================================#

geom -V nTubTie nsd ntubNotRes_S - nTubTie_nsd_ntubNotRes_S,111,i,2
geom took  0.0 user, 0.0 sys, 0.0 elapsed, 3972.0 kbytes
geom -V pTubTie ptubs_S psd - pTubTie,111,i,2
geom took  0.0 user, 0.0 sys, 0.0 elapsed, 3972.0 kbytes
geom -V paaCnt m1NoRes psd - paaCnt,111,i,2
geom took  0.0 user, 0.0 sys, 0.0 elapsed, 3972.0 kbytes
geom -V naaCnt m1NoRes nsd - naaCnt,111,i,2
geom took  0.0 user, 0.0 sys, 0.0 elapsed, 3972.0 kbytes
geom -V p1Cnt m1NoRes poly1NoRes - p1Cnt,111,i,2
geom took  0.0 user, 0.0 sys, 0.0 elapsed, 3972.0 kbytes
geom -V VIA m2NoRes m1NoRes - VIA,111,i,2
geom took  0.0 user, 0.0 sys, 0.0 elapsed, 3972.0 kbytes
geom -V VI2 m3NoRes m2NoRes - VI2,111,i,2
geom took  0.0 user, 0.0 sys, 0.0 elapsed, 3972.0 kbytes
geom -V pnpCollector_S psd - pnpCollector_S_psd_ovia,11,i,1
geom took  0.0 user, 0.0 sys, 0.0 elapsed, 3960.0 kbytes
geom -V nmosSd_S nsd - nmosSd_S_nsd_ovia,11,i,1
geom took  0.0 user, 0.0 sys, 0.0 elapsed, 3960.0 kbytes
geom -V pmosSd_S psd - pmosSd_S_psd_ovia,11,i,1

geom took  0.0 user, 0.0 sys, 0.0 elapsed, 3960.0 kbytes
#==========================================================#
# Flatten net file, routing, via and device layers
#==========================================================#

SAVEDIR=`beginFlattenInputs`
beginFlattenInputsexport SAVEDIR
/bin/mv -f NET h_NET
flatnet -V -li -h '/' h_NET NET
flatnet took 0.0 user, 0.0 sys, 0.0 elapsed, 3764.0 kbytes
netprint -V -N1 power_list:power_list_nums NET
flattenTransistorData nMos_MOS_62 microns
flattub took  0.0 user, 0.0 sys, 0.0 elapsed, 3664.0 kbytes
flattrans took 0.0 user, 0.0 sys, 0.0 elapsed, 3676.0 kbytes
flatnet took 0.0 user, 0.0 sys, 1.0 elapsed, 3756.0 kbytes
flattenTransistorData pMos_MOS_63 microns
flattub took  0.0 user, 0.0 sys, 0.0 elapsed, 3664.0 kbytes
flattrans took 0.0 user, 0.0 sys, 0.0 elapsed, 3676.0 kbytes
flatnet took 0.0 user, 0.0 sys, 0.0 elapsed, 3756.0 kbytes
flattenLayers -m m3NoRes m2NoRes m1NoRes poly1NoRes nsd psd ptubs_S \
	nTubTie_nsd_ntubNotRes_S ntubNotRes_S pTubTie paaCnt naaCnt p1Cnt VIA \
	VI2 pnpCollector_S_psd_ovia pnpCollector_S nmosSd_S_nsd_ovia nmosSd_S \
	pmosSd_S_psd_ovia pmosSd_S
flattub took  0.1 user, 0.5 sys, 1.0 elapsed, 3664.0 kbytes
endFlattenInputs

#==========================================================#
# Initialize CAP_GROUND variable
#==========================================================#

CAP_GROUND=`findCapGround -g gnd! NET`
findCapGround -g gnd! NETecho "CAP_GROUND=" ${CAP_GROUND}

CAP_GROUND= 2
#==========================================================#
# Extract MOSFET diffusion area/perimeter parameters (AD/AS/PD/PS)
#==========================================================#

tident -V -noLW nMos_MOS_62.trans -e 0x1 -w -x nMos_MOS_62 nmosSd_S \
	poly1NoRes ptubs_S - ptubs_S - 1,nmos 0,xnmos - nMos_MOS_62.transn

       5 transistors of type 'nmos'
       5 transistors all together

tident took 0.0 user, 0.1 sys, 0.0 elapsed, 3836.0 kbytes
tident -V -noLW pMos_MOS_63.trans -e 0x1 -w -x pMos_MOS_63 pmosSd_S \
	poly1NoRes ntubNotRes_S - ntubNotRes_S - 1,pmos 0,xpmos - \
	pMos_MOS_63.transn

       5 transistors of type 'pmos'
       5 transistors all together

tident took 0.0 user, 0.1 sys, 0.0 elapsed, 3836.0 kbytes
changeTransFileNameAP nMos_MOS_62.trans nMos_MOS_62.transn
changeTransFileNameAP pMos_MOS_63.trans pMos_MOS_63.transn

#==========================================================#
# Segregate interconnect into resistive and non-resistive
#==========================================================#

selectNetsByNumber power_list_nums m1NoRes p_rm1NoRes np_rm1NoRes
epick took  0.0 user, 0.0 sys, 0.0 elapsed, 3696.0 kbytes
epick took  0.0 user, 0.0 sys, 0.0 elapsed, 3696.0 kbytes
selectNetsByNumber power_list_nums m2NoRes p_rm2NoRes np_rm2NoRes
epick took  0.0 user, 0.0 sys, 0.0 elapsed, 3696.0 kbytes
epick took  0.0 user, 0.0 sys, 0.0 elapsed, 3696.0 kbytes
selectNetsByNumber power_list_nums m3NoRes p_rm3NoRes np_rm3NoRes
epick took  0.0 user, 0.0 sys, 0.0 elapsed, 3696.0 kbytes
epick took  0.0 user, 0.0 sys, 0.0 elapsed, 3696.0 kbytes
selectNetsByNumber power_list_nums nmosSd_S p_rnmosSd_S np_rnmosSd_S
epick took  0.0 user, 0.0 sys, 0.0 elapsed, 3696.0 kbytes
epick took  0.0 user, 0.0 sys, 0.0 elapsed, 3696.0 kbytes
selectNetsByNumber power_list_nums nsd p_rnsd np_rnsd
epick took  0.0 user, 0.0 sys, 0.0 elapsed, 3696.0 kbytes
epick took  0.0 user, 0.0 sys, 0.0 elapsed, 3696.0 kbytes
selectNetsByNumber power_list_nums ntubNotRes_S p_rntubNotRes_S np_rntubNotRes_S
epick took  0.0 user, 0.0 sys, 0.0 elapsed, 3696.0 kbytes
epick took  0.0 user, 0.0 sys, 0.0 elapsed, 3696.0 kbytes
selectNetsByNumber power_list_nums pmosSd_S p_rpmosSd_S np_rpmosSd_S
epick took  0.0 user, 0.0 sys, 0.0 elapsed, 3696.0 kbytes
epick took  0.0 user, 0.0 sys, 0.0 elapsed, 3696.0 kbytes
selectNetsByNumber power_list_nums pnpCollector_S p_rpnpCollector_S np_rpnpCollector_S
epick took  0.0 user, 0.0 sys, 0.0 elapsed, 3696.0 kbytes
epick took  0.0 user, 0.0 sys, 0.0 elapsed, 3696.0 kbytes
selectNetsByNumber power_list_nums poly1NoRes p_rpoly1NoRes np_rpoly1NoRes
epick took  0.0 user, 0.0 sys, 0.0 elapsed, 3696.0 kbytes
epick took  0.0 user, 0.0 sys, 0.0 elapsed, 3696.0 kbytes
selectNetsByNumber power_list_nums psd p_rpsd np_rpsd
epick took  0.0 user, 0.0 sys, 0.0 elapsed, 3696.0 kbytes
epick took  0.0 user, 0.0 sys, 0.0 elapsed, 3696.0 kbytes
selectNetsByNumber power_list_nums ptubs_S p_rptubs_S np_rptubs_S
epick took  0.0 user, 0.0 sys, 0.0 elapsed, 3696.0 kbytes
epick took  0.0 user, 0.0 sys, 0.0 elapsed, 3696.0 kbytes
selectNetsByNumber power_list_nums VI2 p_rVI2 np_rVI2
epick took  0.0 user, 0.0 sys, 0.0 elapsed, 3696.0 kbytes
epick took  0.0 user, 0.0 sys, 0.0 elapsed, 3696.0 kbytes
selectNetsByNumber power_list_nums VIA p_rVIA np_rVIA
epick took  0.0 user, 0.0 sys, 0.0 elapsed, 3696.0 kbytes
epick took  0.0 user, 0.0 sys, 0.0 elapsed, 3696.0 kbytes
selectNetsByNumber power_list_nums p1Cnt p_rp1Cnt np_rp1Cnt

epick took  0.0 user, 0.0 sys, 0.0 elapsed, 3696.0 kbytes
epick took  0.0 user, 0.0 sys, 0.0 elapsed, 3696.0 kbytes
#==========================================================#
# Create resistor cut regions between resistive
# interconnect levels
#==========================================================#

mergevia -V -cnt np_rVI2 rVI2 - np_rm3NoRes np_rm2NoRes
mergevia took 0.1 user, 0.2 sys, 0.0 elapsed, 3616.0 kbytes
mergevia -V -cnt np_rVIA rVIA - np_rm2NoRes np_rm1NoRes
mergevia took 0.1 user, 0.2 sys, 0.0 elapsed, 3616.0 kbytes
mergevia -V -cnt np_rp1Cnt rp1Cnt - np_rm1NoRes np_rpoly1NoRes

mergevia took 0.1 user, 0.2 sys, 0.0 elapsed, 3616.0 kbytes
#==========================================================#
# Create resistive interconnect MOSFET terminals
#==========================================================#

createMosfetGateTerminal nMos_MOS_62 np_rpoly1NoRes nMos_MOS_62_mgvia
write edges took  0.0 user, 0.0 sys, 0.0 elapsed, 2252.0 kbytes
sort edges took  0.0 user, 0.0 sys, 0.0 elapsed, 2284.0 kbytes
geom took  0.0 user, 0.0 sys, 0.0 elapsed, 3880.0 kbytes
createMosfetGateTerminal pMos_MOS_63 np_rpoly1NoRes pMos_MOS_63_mgvia

write edges took  0.0 user, 0.0 sys, 0.0 elapsed, 2252.0 kbytes
sort edges took  0.0 user, 0.0 sys, 0.0 elapsed, 2284.0 kbytes
geom took  0.0 user, 0.0 sys, 0.0 elapsed, 3880.0 kbytes
#==========================================================#
# Assign net numbers to cut regions
#==========================================================#

connect -V -relocate NET np_rptubs_S:np_rptubs_S.conn \
	np_rnmosSd_S:np_rnmosSd_S.conn np_rnsd:np_rnsd.conn \
	np_rpsd:np_rpsd.conn np_rntubNotRes_S:np_rntubNotRes_S.conn \
	np_rpmosSd_S:np_rpmosSd_S.conn \
	np_rpnpCollector_S:np_rpnpCollector_S.conn rVI2 rVIA rp1Cnt \
	nMos_MOS_62_mgvia pMos_MOS_63_mgvia - nTubTie_nsd_ntubNotRes_S,3,5 \
	nmosSd_S_nsd_ovia,2,3 pTubTie,1,4 pmosSd_S_psd_ovia,6,4 \
	pnpCollector_S_psd_ovia,7,4 -

relocate took 0.0 user, 0.1 sys, 0.0 elapsed, 7532.0 kbytes
connect took  0.0 user, 0.0 sys, 0.0 elapsed, 7528.0 kbytes
#==========================================================#
# Assign net numbers to resistor vias
#==========================================================#

geom -V naaCnt np_rnsd.conn - tmp_rnaaCnt,11,i,2
geom took  0.0 user, 0.0 sys, 0.0 elapsed, 3880.0 kbytes
mergevia -V -i -cnt tmp_rnaaCnt rnaaCnt - np_rm1NoRes np_rnsd
mergevia took 0.1 user, 0.3 sys, 0.0 elapsed, 3616.0 kbytes
/bin/rm -f tmp_rnaaCnt
geom -V paaCnt np_rpsd.conn - tmp_rpaaCnt,11,i,2
geom took  0.0 user, 0.0 sys, 0.0 elapsed, 3880.0 kbytes
mergevia -V -i -cnt tmp_rpaaCnt rpaaCnt - np_rm1NoRes np_rpsd
mergevia took 0.1 user, 0.3 sys, 1.0 elapsed, 3616.0 kbytes
/bin/rm -f tmp_rpaaCnt

#==========================================================#
# Assign net numbers to nonresistive layers
#==========================================================#

epick -V -reo -e rnaaCnt -e rpaaCnt np_rnsd.conn tmp_nsd
epick took  0.0 user, 0.0 sys, 0.0 elapsed, 3696.0 kbytes
epick -V -reo -e tmp_nsd -c np_rnsd.conn tmp1_nsd
epick took  0.0 user, 0.0 sys, 0.0 elapsed, 3696.0 kbytes
geom -V tmp1_nsd np_rnsd - tmp1_nsd,11,i,2
geom took  0.0 user, 0.0 sys, 0.0 elapsed, 3840.0 kbytes
geom -V tmp_nsd,tmp1_nsd - np_rnsd,1,i,1
geom took  0.0 user, 0.0 sys, 0.0 elapsed, 3880.0 kbytes
/bin/rm -f tmp_nsd tmp1_nsd
epick -V -reo -e rnaaCnt -e rpaaCnt np_rpsd.conn tmp_psd
epick took  0.0 user, 0.0 sys, 0.0 elapsed, 3696.0 kbytes
epick -V -reo -e tmp_psd -c np_rpsd.conn tmp1_psd
epick took  0.0 user, 0.0 sys, 0.0 elapsed, 3696.0 kbytes
geom -V tmp1_psd np_rpsd - tmp1_psd,11,i,2
geom took  0.0 user, 0.0 sys, 0.0 elapsed, 3840.0 kbytes
geom -V tmp_psd,tmp1_psd - np_rpsd,1,i,1
geom took  0.0 user, 0.0 sys, 0.0 elapsed, 3880.0 kbytes
/bin/rm -f tmp_psd tmp1_psd
epick -V -reo -e rnaaCnt -e rpaaCnt np_rptubs_S.conn tmp_ptubs_S
epick took  0.0 user, 0.0 sys, 0.0 elapsed, 3696.0 kbytes
epick -V -reo -e tmp_ptubs_S -c np_rptubs_S.conn tmp1_ptubs_S
epick took  0.0 user, 0.0 sys, 0.0 elapsed, 3696.0 kbytes
geom -V tmp1_ptubs_S np_rptubs_S - tmp1_ptubs_S,11,i,2
geom took  0.0 user, 0.0 sys, 0.0 elapsed, 3840.0 kbytes
geom -V tmp_ptubs_S,tmp1_ptubs_S - np_rptubs_S,1,i,1
geom took  0.0 user, 0.0 sys, 0.0 elapsed, 3880.0 kbytes
/bin/rm -f tmp_ptubs_S tmp1_ptubs_S
epick -V -reo -e rnaaCnt -e rpaaCnt np_rnmosSd_S.conn tmp_nmosSd_S
epick took  0.0 user, 0.0 sys, 0.0 elapsed, 3696.0 kbytes
epick -V -reo -e tmp_nmosSd_S -c np_rnmosSd_S.conn tmp1_nmosSd_S
epick took  0.0 user, 0.0 sys, 0.0 elapsed, 3696.0 kbytes
geom -V tmp1_nmosSd_S np_rnmosSd_S - tmp1_nmosSd_S,11,i,2
geom took  0.0 user, 0.0 sys, 0.0 elapsed, 3840.0 kbytes
geom -V tmp_nmosSd_S,tmp1_nmosSd_S - np_rnmosSd_S,1,i,1
geom took  0.0 user, 0.0 sys, 0.0 elapsed, 3880.0 kbytes
/bin/rm -f tmp_nmosSd_S tmp1_nmosSd_S
epick -V -reo -e rnaaCnt -e rpaaCnt np_rntubNotRes_S.conn tmp_ntubNotRes_S
epick took  0.0 user, 0.0 sys, 0.0 elapsed, 3696.0 kbytes
epick -V -reo -e tmp_ntubNotRes_S -c np_rntubNotRes_S.conn tmp1_ntubNotRes_S
epick took  0.0 user, 0.0 sys, 0.0 elapsed, 3696.0 kbytes
geom -V tmp1_ntubNotRes_S np_rntubNotRes_S - tmp1_ntubNotRes_S,11,i,2
geom took  0.0 user, 0.0 sys, 0.0 elapsed, 3840.0 kbytes
geom -V tmp_ntubNotRes_S,tmp1_ntubNotRes_S - np_rntubNotRes_S,1,i,1
geom took  0.0 user, 0.0 sys, 0.0 elapsed, 3880.0 kbytes
/bin/rm -f tmp_ntubNotRes_S tmp1_ntubNotRes_S
epick -V -reo -e rnaaCnt -e rpaaCnt np_rpmosSd_S.conn tmp_pmosSd_S
epick took  0.0 user, 0.0 sys, 0.0 elapsed, 3696.0 kbytes
epick -V -reo -e tmp_pmosSd_S -c np_rpmosSd_S.conn tmp1_pmosSd_S
epick took  0.0 user, 0.0 sys, 0.0 elapsed, 3696.0 kbytes
geom -V tmp1_pmosSd_S np_rpmosSd_S - tmp1_pmosSd_S,11,i,2
geom took  0.0 user, 0.0 sys, 0.0 elapsed, 3840.0 kbytes
geom -V tmp_pmosSd_S,tmp1_pmosSd_S - np_rpmosSd_S,1,i,1
geom took  0.0 user, 0.0 sys, 0.0 elapsed, 3880.0 kbytes
/bin/rm -f tmp_pmosSd_S tmp1_pmosSd_S

#==========================================================#
# Generate resistor command file
#==========================================================#

cat <<ENDCAT> res.mod
np_rm3NoRes,0.040,m3(a)
+:t,1,1,1,rVI2
np_rm2NoRes,0.085,m2(b)
+:t,1,1,1,rVIA
np_rm1NoRes,0.085,m1(c)
+:t,100,100,100,rpaaCnt
+:t,80,80,80,rnaaCnt
+:t,40,40,40,rp1Cnt
np_rpoly1NoRes,30.0,poly(e)
ENDCAT

#==========================================================#
# Process text layers
#==========================================================#

flatlabel -V  -tc -F M1TEXTPIN,M3TEXTPIN,M1TEXT,M3TEXT L1T0,L2T0,L3T0,L4T0

exec labsort -V L1T0
sort labels took  0.0 user, 0.0 sys, 0.0 elapsed, 2200.0 kbytes
exec labsort -V L2T0
sort labels took  0.0 user, 0.0 sys, 0.0 elapsed, 2200.0 kbytes
exec labsort -V L3T0
sort labels took  0.0 user, 0.0 sys, 0.0 elapsed, 2200.0 kbytes
exec labsort -V L4T0
sort labels took  0.0 user, 0.0 sys, 0.0 elapsed, 2200.0 kbytes
flatlabel took 0.0 user, 0.1 sys, 0.0 elapsed, 3560.0 kbytes
#==========================================================#
# Parasitic R extraction with default precision
#==========================================================#

rex -V -m -pd -I'#' -u -N NET -rP res.mod np_rpoly1NoRes::poly_cut \
	np_rm1NoRes::m1_cut np_rm2NoRes::m2_cut np_rm3NoRes::m3_cut - \
	rVI2,3,4,t rVIA,2,3,t rnaaCnt,2,t rp1Cnt,1,2,t rpaaCnt,2,t \
	nMos_MOS_62_mgvia,1,z pMos_MOS_63_mgvia,1,z - L1T0,2,I L2T0,4,I \
	L3T0,2,I L4T0,4,I

Body np_rm1NoRes has 1 regions with less than 2 vias
rex took  0.1 user, 0.3 sys, 1.0 elapsed, 6672.0 kbytes
#==========================================================#
# Reconnect MOSFET devices
#==========================================================#

reconnect -V -n NET -s mwires.res -t nMos_MOS_62.transn:nMos_MOS_62.transnr \
	nMos_MOS_62 np_rnmosSd_S,nMos_MOS_62_mgvia,np_rptubs_S -t \
	pMos_MOS_63.transn:pMos_MOS_63.transnr pMos_MOS_63 \
	np_rpmosSd_S,pMos_MOS_63_mgvia,np_rntubNotRes_S
reconnect took 0.0 user, 0.0 sys, 0.0 elapsed, 3728.0 kbytes
changeTransFileNameAP nMos_MOS_62.transn nMos_MOS_62.transnr
changeTransFileNameAP pMos_MOS_63.transn pMos_MOS_63.transnr

#==========================================================#
# Form capacitance layers for resistive process layers
#==========================================================#

geom -V p_rpoly1NoRes,np_rpoly1NoRes - poly,1,i,1
geom took  0.0 user, 0.0 sys, 0.0 elapsed, 3880.0 kbytes
geom -V p_rm1NoRes,np_rm1NoRes - m1,1,i,1
geom took  0.0 user, 0.0 sys, 0.0 elapsed, 3880.0 kbytes
geom -V p_rm2NoRes,np_rm2NoRes - m2,1,i,1
geom took  0.0 user, 0.0 sys, 0.0 elapsed, 3880.0 kbytes
geom -V p_rm3NoRes,np_rm3NoRes - m3,1,i,1

geom took  0.0 user, 0.0 sys, 0.0 elapsed, 3880.0 kbytes
#==========================================================#
# Form capacitance layers for non-resistive process layers
#==========================================================#

emerge -V p_rnsd np_rnsd nsd
emerge took  0.0 user, 0.0 sys, 0.0 elapsed, 3592.0 kbytes
emerge -V p_rpsd np_rpsd psd
emerge took  0.0 user, 0.0 sys, 0.0 elapsed, 3592.0 kbytes
geom -V nsd,psd - active,1,i,1
geom took  0.0 user, 0.0 sys, 0.0 elapsed, 3880.0 kbytes
createEmptyLayer poly2

connect took  0.0 user, 0.0 sys, 0.0 elapsed, 7264.0 kbytes
#==========================================================#
# Form substrate
#==========================================================#

geom -V p_rptubs_S,np_rptubs_S - ptubs_S,1,i,1
geom took  0.0 user, 0.0 sys, 0.0 elapsed, 3880.0 kbytes
xytoebbox -V -g 12.802 -e m3,m2,m1,poly2,poly,active,ptubs_S xg_ptubs_S
xytoebbox took  0.0 user, 0.0 sys, 0.0 elapsed, 2520.0 kbytes
grow -V 0.001 ptubs_S g_ptubs_S
grow took  0.0 user, 0.0 sys, 0.0 elapsed, 3908.0 kbytes
geom -V xg_ptubs_S g_ptubs_S - tmp_ptubs_S,10
geom took  0.0 user, 0.0 sys, 0.0 elapsed, 3880.0 kbytes
epick -V -reo -D ${CAP_GROUND} tmp_ptubs_S pick_ptubs_S
epick took  0.0 user, 0.0 sys, 0.0 elapsed, 3696.0 kbytes
emerge -V pick_ptubs_S ptubs_S tmp1_ptubs_S
emerge took  0.0 user, 0.0 sys, 0.0 elapsed, 3592.0 kbytes
geom -V tmp1_ptubs_S - ptubs_S,1,i,1
geom took  0.0 user, 0.0 sys, 0.0 elapsed, 3840.0 kbytes
/bin/rm -f g_ptubs_S xg_ptubs_S tmp_ptubs_S tmp1_ptubs_S pick_ptubs_S
geom -V ptubs_S - fieldp,1,i,1
geom took  0.0 user, 0.0 sys, 0.0 elapsed, 3840.0 kbytes
geom -V fieldp active - fieldp,10,i,1

geom took  0.0 user, 0.0 sys, 0.0 elapsed, 3880.0 kbytes
#==========================================================#
# Prepare local interconnect layers
#==========================================================#

geom -V poly poly2 - poly_poly2,01
geom took  0.0 user, 0.0 sys, 0.0 elapsed, 3840.0 kbytes
geom -V poly,poly_poly2 - tmp_poly,1
geom took  0.0 user, 0.0 sys, 0.0 elapsed, 3880.0 kbytes
stamp -V -O stmp_poly poly tmp_poly
connect took  0.0 user, 0.0 sys, 0.0 elapsed, 7264.0 kbytes
inter took  0.0 user, 0.0 sys, 0.0 elapsed, 4040.0 kbytes
connect took  0.0 user, 0.0 sys, 0.0 elapsed, 7264.0 kbytes
inter took  0.0 user, 0.0 sys, 0.0 elapsed, 4040.0 kbytes
stamp took  0.0 user, 0.1 sys, 0.0 elapsed, 3672.0 kbytes
stamp -V poly2 stmp_poly
connect took  0.0 user, 0.0 sys, 0.0 elapsed, 7264.0 kbytes
'/tmp/stamprsWYrtP' is empty
'poly2' is empty
inter took  0.0 user, 0.0 sys, 0.0 elapsed, 4040.0 kbytes
connect took  0.0 user, 0.0 sys, 0.0 elapsed, 7264.0 kbytes
'/tmp/stampszxsQ6' is empty
'/tmp/stamprsWYrtP' is empty
inter took  0.0 user, 0.0 sys, 0.0 elapsed, 4040.0 kbytes
stamp took  0.0 user, 0.1 sys, 0.0 elapsed, 3672.0 kbytes
geom -V stmp_poly,tmp_poly - poly,1,i,1
geom took  0.0 user, 0.0 sys, 0.0 elapsed, 3880.0 kbytes
/bin/rm -f stmp_poly tmp_poly

#==========================================================#
# Create sip/sw3d/cn3d capacitance data files
#==========================================================#

cat <<ENDCAT> sip.cmd
sip -V -cgnd ${CAP_GROUND} -s -o -sub 2 -mlc poly -n 6.4 -i 0,6.401 -b \
	poly,active,fieldp -t m1,m2,m3 -j 2 -Maxw 24 -p poly2,key 0,6.4 - \
	poly2.sip
sip -V -cgnd ${CAP_GROUND} -s -o -sub 2 -cp poly,gate,active -n 4.8 -i \
	0,4.801 -b active,fieldp -t poly2,m1,m2,m3 -j 0.6 -Maxw 7.2 -p \
	poly,key 0,4.8 - poly.sip
sip -V -cgnd ${CAP_GROUND} -s -o -sub 2 -mlc poly,poly2 -n 4.8 -i 0,4.801 -b \
	poly2,poly,active,fieldp -t m2,m3 -j 0.6 -Maxw 7.2 -p m1,key 0,4.8 - \
	m1.sip
sip -V -cgnd ${CAP_GROUND} -s -o -sub 2 -mlc poly,poly2,m1 -n 5.6 -i 0,5.601 \
	-b m1,poly2,poly,active,fieldp -t m3 -j 0.7 -Maxw 8.4 -p m2,key 0,5.6 \
	- m2.sip
sip -V -cgnd ${CAP_GROUND} -s -o -sub 2 -mlc m1,m2 -n 5.6 -i 0,5.601 -b \
	m2,m1,poly2,poly,active,fieldp -j 0.8 -Maxw 9.6 -p m3,key 0,5.6 - \
	m3.sip
sip -V -s -cgnd ${CAP_GROUND} -sub 2 -L3A -h -b m1,poly2,poly,active,fieldp \
	-Maxw 9.6 -p m2:m2_cut,key,m3:m3_cut,key 0,2.7,0 - m2_m3.sip
sip -V -s -cgnd ${CAP_GROUND} -sub 2 -L3A -h -R m3 -b \
	poly2,poly,active,fieldp -k m2:0.57 -Maxw 9.6 -p \
	m1:m1_cut,key,m3:m3_cut,key 0,2.4,0 - m1_m3.sip
sip -V -s -cgnd ${CAP_GROUND} -sub 2 -h -b poly2,poly,active,fieldp -t m3 \
	-Maxw 8.4 -p m1:m1_cut,key,m2:m2_cut,key 0,2.4,0 - m1_m2.sip
sip -V -s -cgnd ${CAP_GROUND} -sub 2 -L3A -h -b poly,active,fieldp -t m3 -k \
	m1:0.64 -Maxw 24 -p poly2,key,m2:m2_cut,key 0,2.4,0 - poly2_m2.sip
sip -V -s -cgnd ${CAP_GROUND} -sub 2 -h -b poly,active,fieldp -t m2,m3 -Maxw \
	24 -p poly2,key,m1:m1_cut,key 0,2.4,0 - poly2_m1.sip
sip -V -s -cgnd ${CAP_GROUND} -sub 2 -L3A -h -R m2 -b active,fieldp -t m3 -k \
	poly2:0,m1:1.28 -Maxw 8.4 -p poly:poly_cut,key,m2:m2_cut,key 0,2.4,0 \
	- poly_m2.sip
sip -V -s -cgnd ${CAP_GROUND} -sub 2 -h -R m1 -b active,fieldp -t m2,m3 -Maxw \
	7.2 -p poly:poly_cut,key,m1:m1_cut,key 0,2.4,0 - poly_m1.sip
sip -V -s -cgnd ${CAP_GROUND} -sub 2 -h -R poly2,poly -b active,fieldp -t \
	m1,m2,m3 -Maxw 24 -p poly:poly_cut,key,poly2,key 0,2.4,0 - \
	poly_poly2.sip
ENDCAT

#==========================================================#
# Prepare gate capacitance blocking layers
#==========================================================#

createEmptyLayer gate

connect took  0.0 user, 0.0 sys, 0.0 elapsed, 7264.0 kbytes
#==========================================================#
# Run pax16 to generate capfile
#==========================================================#

pax16 -V -scf sip.cmd -M_perim_off -c \
	/classes/ee620/ami500hakx.6.11/Rev6.11/rcx3/cap_coeff.dat -f fieldp \
	active poly:poly_cut poly2 m1:m1_cut m2:m2_cut m3:m3_cut gate - \
	/classes/ee620/ami500hakx.6.11/Rev6.11/rcx3/paxfile_coeff - - NET - \
	capfile

*WARNING* at "pax16": /classes/ee620/ami500hakx.6.11/Rev6.11/rcx3/cap_coeff.dat doesn't have the latest cap models.
*WARNING* at "pax16": Re-run capgen -S_rcxfs_off will make it current.
*WARNING* at "pax16": RCX is now running in compatibility mode.
pax took  0.0 user, 0.0 sys, 0.0 elapsed, 8048.0 kbytes
exec sip -V -cgnd 2 -s -o -sub 2 -mlc poly -n 6.4 -i 0,6.401 -b poly,active,fieldp -t m1,m2,m3 -j 2 -Maxw 24 -p poly2,key 0,6.4 - poly2.sip
3d sip took 0.0 user, 0.0 sys, 0.0 elapsed, 4180.0 kbytes
exec sip -V -cgnd 2 -s -o -sub 2 -cp poly,gate,active -n 4.8 -i 0,4.801 -b active,fieldp -t poly2,m1,m2,m3 -j 0.6 -Maxw 7.2 -p poly,key 0,4.8 - poly.sip
3d sip took  0.0 user, 0.1 sys, 0.0 elapsed, 5092.0 kbytes
exec sip -V -cgnd 2 -s -o -sub 2 -mlc poly,poly2 -n 4.8 -i 0,4.801 -b poly2,poly,active,fieldp -t m2,m3 -j 0.6 -Maxw 7.2 -p m1,key 0,4.8 - m1.sip
3d sip took  0.0 user, 0.1 sys, 0.0 elapsed, 5088.0 kbytes
exec sip -V -cgnd 2 -s -o -sub 2 -mlc poly,poly2,m1 -n 5.6 -i 0,5.601 -b m1,poly2,poly,active,fieldp -t m3 -j 0.7 -Maxw 8.4 -p m2,key 0,5.6 - m2.sip
3d sip took  0.0 user, 0.1 sys, 1.0 elapsed, 5084.0 kbytes
exec sip -V -cgnd 2 -s -o -sub 2 -mlc m1,m2 -n 5.6 -i 0,5.601 -b m2,m1,poly2,poly,active,fieldp -j 0.8 -Maxw 9.6 -p m3,key 0,5.6 - m3.sip
3d sip took  0.0 user, 0.1 sys, 0.0 elapsed, 5088.0 kbytes
exec sip -V -s -cgnd 2 -sub 2 -L3A -h -b m1,poly2,poly,active,fieldp -Maxw 9.6 -p m2:m2_cut,key,m3:m3_cut,key 0,2.7,0 - m2_m3.sip
3d sip took  0.0 user, 0.0 sys, 0.0 elapsed, 4668.0 kbytes
exec sip -V -s -cgnd 2 -sub 2 -L3A -h -R m3 -b poly2,poly,active,fieldp -k m2:0.57 -Maxw 9.6 -p m1:m1_cut,key,m3:m3_cut,key 0,2.4,0 - m1_m3.sip
3d sip took  0.0 user, 0.1 sys, 0.0 elapsed, 4668.0 kbytes
exec sip -V -s -cgnd 2 -sub 2 -h -b poly2,poly,active,fieldp -t m3 -Maxw 8.4 -p m1:m1_cut,key,m2:m2_cut,key 0,2.4,0 - m1_m2.sip
3d sip took  0.0 user, 0.0 sys, 0.0 elapsed, 4668.0 kbytes
exec sip -V -s -cgnd 2 -sub 2 -L3A -h -b poly,active,fieldp -t m3 -k m1:0.64 -Maxw 24 -p poly2,key,m2:m2_cut,key 0,2.4,0 - poly2_m2.sip
3d sip took  0.0 user, 0.0 sys, 0.0 elapsed, 4536.0 kbytes
exec sip -V -s -cgnd 2 -sub 2 -h -b poly,active,fieldp -t m2,m3 -Maxw 24 -p poly2,key,m1:m1_cut,key 0,2.4,0 - poly2_m1.sip
3d sip took  0.0 user, 0.0 sys, 0.0 elapsed, 4536.0 kbytes
exec sip -V -s -cgnd 2 -sub 2 -L3A -h -R m2 -b active,fieldp -t m3 -k poly2:0,m1:1.28 -Maxw 8.4 -p poly:poly_cut,key,m2:m2_cut,key 0,2.4,0 - poly_m2.sip
3d sip took  0.0 user, 0.1 sys, 1.0 elapsed, 4668.0 kbytes
exec sip -V -s -cgnd 2 -sub 2 -h -R m1 -b active,fieldp -t m2,m3 -Maxw 7.2 -p poly:poly_cut,key,m1:m1_cut,key 0,2.4,0 - poly_m1.sip
3d sip took  0.0 user, 0.0 sys, 0.0 elapsed, 4668.0 kbytes
exec sip -V -s -cgnd 2 -sub 2 -h -R poly2,poly -b active,fieldp -t m1,m2,m3 -Maxw 24 -p poly:poly_cut,key,poly2,key 0,2.4,0 - poly_poly2.sip
3d sip took  0.0 user, 0.0 sys, 0.0 elapsed, 4536.0 kbytes
pax16 took  0.4 user, 1.4 sys, 2.0 elapsed, 7952.0 kbytes
#==========================================================#
# Generate netlister data files
#==========================================================#

cat <<ENDCAT> lvsmos.mod
xnmos,	100000.0, 0,	xnmos,	unused, unused, 100000.0
nmos,	100000.0, 0,	nmos,	unused, unused, 100000.0
xpmos,	100000.0, 0,	xpmos,	unused, unused, 100000.0
pmos,	100000.0, 0,	pmos,	unused, unused, 100000.0
ENDCAT

#==========================================================#
# Perform RC reduction
#==========================================================#

xreduce -V -mergecap -n NET -d1 -rmselfC -g ${CAP_GROUND},1.0 -minR 0.001 -rP \
	np_rpoly1NoRes.res,np_rm1NoRes.res,np_rm2NoRes.res,np_rm3NoRes.res,mwires.res \
	-minC 1e-17 -minCper 0.1 -cap capfile L1T0 L2T0 L3T0 L4T0 \
	nMos_MOS_62.transnr pMos_MOS_63.transnr

*INFO* at "xreduce": Total number of resistors is 60
xreduce d1 option renamed 4 nets
xreduce minR option removed 4 resistors (7%)
*INFO* at "xreduce": Total number of capacitors in capfile is 336
*INFO* at "xreduce": mergecap required for 12 (17%) of 71 nets
*INFO* at "xreduce": Removed 39 self-capacitors in capfile.cmodel.cap
*INFO* at "xreduce":  minC small capacitor decoupling set to 0.1%
xreduce minC option decoupled 29 capacitors in capfile
*INFO* at "xreduce": the number of capacitors decreased by 19 (6%)
xreduce took 0.0 user, 0.1 sys, 0.0 elapsed, 3932.0 kbytes
#==========================================================#
# Generate CDL file
#==========================================================#

advgen -FD '@' -V -g0 -li -f -n -o CDL -h ${HIERARCHY_DELIMITER} -TL \
	L1T0,L2T0,L3T0,L4T0 -subc '#' -nxref \
	/home/zxw6805/ee620/zxw_mux2to1.gnx -dxref \
	/home/zxw6805/ee620/zxw_mux2to1.gdx -sc caps2dversion -m capfile -rP \
	res.mod np_rpoly1NoRes.res np_rm1NoRes.res np_rm2NoRes.res \
	np_rm3NoRes.res -rP mwires.mod mwires.res -ta \
	lvsmos.mod,nMos_MOS_62.net nMos_MOS_62.transnr -ta \
	lvsmos.mod,pMos_MOS_63.net pMos_MOS_63.transnr - NET - \
	/home/zxw6805/ee620/zxw_mux2to1.sp
process netfile took 0.0 user, 0.0 sys, 0.0 elapsed, 5236.0 kbytes
advgen took 0.0 user, 0.0 sys, 0.0 elapsed, 5756.0 kbytes


Run ended: Sat Sep 27 18:43:54 2014

*****  Assura terminated normally  *****

