================================================================================
Rule No. 133 : NCHNER -- NCHaN ERror if nchan is not identical to tub == 

Real Error Count : 18; Flat Error Count : 18
================================================================================

--------------------------------------------------------------------------------
Cell Name : zxw_bsr5beforerouting layout zxw_lib

                   Cell Errors    Real Errors   Cell Placements     Environments
                            18             18                 1                1
--------------------------------------------------------------------------------
Env.  Env. Placements            X1           Y1          X2           Y2

  1        1                  6.350        0.000     176.050      312.000

Shape               Environments Status & Error Marker 

          1           X1         Y1         X2         Y2

   1      X        6.350    309.500      8.850    312.000
   2      X       13.950      0.000     16.450      2.500
   3      X       21.550    309.500     24.050    312.000
   4      X       36.750    309.500     39.250    312.000
   5      X       44.350      0.000     46.850      2.500
   6      X       51.950    309.500     54.450    312.000
   7      X       67.150    309.500     69.650    312.000
   8      X       74.750      0.000     77.250      2.500
   9      X       82.350    309.500     84.850    312.000
  10      X       97.550    309.500    100.050    312.000
  11      X      105.150      0.000    107.650      2.500
  12      X      112.750    309.500    115.250    312.000
  13      X      127.950    309.500    130.450    312.000
  14      X      135.550      0.000    138.050      2.500
  15      X      143.150    309.500    145.650    312.000
  16      X      158.350    309.500    160.850    312.000
  17      X      165.950      0.000    168.450      2.500
  18      X      173.550    309.500    176.050    312.000

