si: simSetDef().... simHost is initialized to "localhost" .
si: simSetDef().... simLoginName is initialized to "zxw6805" .
si: simSetDef().... simHostDiffers is initialized to "nil".
si: simSetDef().... simInteractiveSimulatorList is initialized to ("verilog") .
si: simSetDef().... simPostAnalysisProcessingFunc is already set to
vlogifPostBatchJobMessage. Redefinition to nil is ignored.
si: simSetDef().... simNotifyKillActionFunc is initialized to "nil".
si: simSetDef().... simDoNotDisplayDialogBox is already set to t. Redefinition
to nil is ignored.
si: simSetDef().... simNetlistFileName is initialized to "netlist" .
si: simSetDef().... simMaxNetlistErrors is initialized to 25 .
si: simSetDef().... simUserDefineDefaultRunDirFunc is initialized to "nil".
si: simSetDef().... simNlpGlobalLibName is initialized to "basic" .
si: simSetDef().... simNlpGlobalCellName is initialized to "nlpglobals" .
si: simSetDef().... simCommand is initialized to "" .
si: simSetDef().... simSedFile is initialized to "" .
si: simSetDef().... simDefaultSimulator is already set to "spice". Redefinition
to nil is ignored.
si: simSetDef().... simDefaultRunDir is already set to "". Redefinition to nil
is ignored.
si: simSetDef().... simSymbolModifiedAction is initialized to "ignore" .
si: simSetDef().... simOtherInfo is initialized to "nil".
si: simSetDef().... simIsFlattenP is initialized to "nil".
si: simSetDef().... simStlInputFile is initialized to "input.stl" .
si: simSetDef().... simDiffInputFile is initialized to "simdiff.stl" .
si: simSetDef().... simNoSimdiff is initialized to "nil".
si: simSetDef().... simDefaultControl is initialized to "nil".
si: simSetDef().... simControlFile is initialized to "nil".
si: simSetDef().... simLogFile is initialized to "si.log" .
si: simSetDef().... simTimeUnit is initialized to 1e-09 .
si: simSetDef().... simCapUnit is initialized to 1e-15 .
si: simSetDef().... simDoNetlist is initialized to t .
si: simSetDef().... simDoSimulate is initialized to t .
si: simSetDef().... simNetlistHier is initialized to "nil".
si: simSetDef().... simGlobalPrefix is initialized to "nil".
si: simSetDef().... simHierarchyPrefix is initialized to "nil".
si: simSetDef().... simNoLeadingHierarchyDelim is initialized to "nil".
si: simSetDef().... simPrefixHierarchyWithCV is initialized to "nil".
si: simSetDef().... simHierarchyDelimiter is initialized to "/" .
si: simSetDef().... simNetNamePrefix is initialized to "nil".
si: simSetDef().... simInstNamePrefix is initialized to "nil".
si: simSetDef().... simModelNamePrefix is initialized to "nil".
si: simSetDef().... simTermNamePrefix is initialized to "nil".
si: simSetDef().... simCheckTermMismatchAction is initialized to "error" .
si: simSetDef().... simLoadNetlister is initialized to t .
si: simSetDef().... simCleanFileList is initialized to "nil".
si: simSetDef().... simSimulatorSaveVars is initialized to "nil".
si: simSetDef().... simApplicationOptionsForm is initialized to "nil".
si: simSetDef().... simSimulatorSaveFiles is initialized to "nil".
si: simSetDef().... simDontCopyFileNetlistToRemoteRunDir is initialized to
"nil".
si: simSetDef().... simRsh is initialized to "nil".
si: simSetDef().... simMustSaveFiles is initialized to (("si.env" "text")) .
si: simSetDef().... simKnownSaveFiles is initialized to (("netlist" "netlist")
("control" "text") ("si.out" "text") ("si.log" "text") ("map/current"
"stranger") ("raw/waves" "stranger")) .
si: simSetDef().... simNotIncremental is initialized to "nil".
si: simSetDef().... simReNetlistAll is initialized to "nil".
si: simSetDef().... simUnbindVars is initialized to (interactiveTAP
SilosTimeScale simActions simApplicationOptionsForm simCapFileDir simCapUnit
simCellName simCheckTermMismatchAction simCleanFileList simControlFile
simDefaultControl simDefaultSimulator simDiffInputFile simDoNetlist
simDoNotDisplayDialogBox simDoPostLayout simExceptionTerms simFlattenSchType
simHierarchyPrefix simNoLeadingHierarchyDelim simPrefixHierarchyWithCV
simGlobalPrefix simHost simHostDiffers simInitRunActions simInstNamePrefix
simInstStopListTable simInstViewListTable simInteractiveSimulatorList
simIsFlattenP simLibName simLoadNetlister simLoginName simModelNamePrefix
simNetNamePrefix simNetlistFileName simNetlistHier simNlpGlobalLibName
simNlpGlobalCellName simNlpGlobalViewName simNoSimdiff simNotIncremental
simNowRunningRemoteSimulation simOtherInfo SIMPASSWORD
simPostAnalysisProcessingFunc simPrintSilosCap simReNetlistAll simRetainFterms
simStlInputFile simSimulatorSaveFiles simSimulatorSaveVars
simSymbolModifiedAction simTermNamePrefix simTimeUnit simViewList simViewName)
.
si: simSetDef().... simUnbindFuncs is initialized to (STLsimin cat netlist
runsim sim simCatErrorFile simCheckExist simCheckHeader simCheckVariables
simCreateRemoteCommands simDateStamp simDeleteRunDirFile simDoHiloTranslation
simDoSilosTranslation simDoTaTranslation simErrHandler simExecuteWithStatus
simExecute simGetSiFileLocation simGetTermList simIfNoProcedure simin
simInitControl simInitEqivRemoteSim simInitRaw simInitRunDir simInitSimulator
simInitSpiceIncludes simIoHandler simLoadNetlisterFiles simLoadSimulatorFiles
simNoNetlist simout simout1 simPostFunc simPrintEnvironment simPrintTermList
simPrintTermListWithOption simRunDirInfile simRunDirLoad simRunDirOutfile
simRunSimdiff simRunEqivRemoteSim simRunStl simSetDef simSetDefWithNoWarn
simGetSiFileLocation) .
si: simSetDef().... simSaveVars is initialized to (simLibName simCellName
simViewName simSimulator simNotIncremental simReNetlistAll) .
si: simSetDef().... simDoNotForkNetlist is initialized to "nil".
si: simSetDef().... interactiveTAP is initialized to "nil".
si: simSetDef().... simPrintSilosCap is initialized to "nil".
si: simSetDef().... simDoPostLayout is initialized to "nil".
si: simSetDef().... fnlFormatterUnbindFuncs is initialized to
(fnlVerilogPrintNetlistHeader fnlVerilogCreateHeaderFile
fnlVerilogPrintNormalHeader fnlVerilogCreateSTLFiles fnlVerilogCheckNetlistVars
fnlVerilogPrintNetlistFooter fnlVerilogPrintInst fnlVerilogPrintResistive
fnlVerilogPrintStrength fnlVerilogPrintImpDelays fnlVerilogFormatDelays
fnlVerilogPrintListDelays fnlVerilogPrintTimeProp fnlScaleTimeUnit
fnlVerilogExtractDelays fnlVerilogUtilGetStringUptoChar
fnlVerilogTempListOfWords fnlVerilogPrintInstPorts fnlVerilogPrintNetOnTerm
fnlVerilogSetBlockConsts fnlVerilogCheckSupplyGlobals
fnlVerilogCreateGlobalsFile fnlVerilogPrintBehaveModelWithTerm
fnlVerilogPrintBehaveModelNoTerm fnlVerilogFormatInstError
fnlVerilogCreateHDLFilesDir fnlVerilogDoHdlPart fnlVerilogSortStopCells
fnlVerilogGetHdlFileName fnlVerilogWriteLCVDPLToFile fnlVerilogProcViewName
fnlVerilogCreateListOfAllLibs fnlCurrentBlock fnlVerilogIsFloatingPort
fnlVerilogIsRCType fnlVerilogPrintLenWidRC fnlVerilogPrintInstAlgTechRC
fnlVerilogProcessNet fnlVerilogPrintSignalProps fnlVerilogInitPM
fnlVerilogInitTopLevelPM fnlVerilogAddPMEntry fnlVerilogSavePM
fnlVerilogSaveTopLevelPM fnlVerilogAddInstMap fnlVerilogCreateInstMapFile
fnlVerilogPrintStarsToStdout fnlVerilogIsSimpleBusName
mspiVerilogMapInputPinConnectedToIE fnlUnique fnlUnion fnlDifference fnlDisjoint
fnlVerilogCallFormatFunc fnlVerilogUtilPrintObjParams fnlVerilogUtilPrintHBInfo
fnlVerilogPrintInstLenWidRC fnlVerilogPrintLogGate fnlVerilogPrintPrimGate
fnlVerilogPrintPrimGateWithTerm fnlVerilogPrintPrimGateNoTerm
fnlVerilogPrintBehaveModel fnlVerilogPrintBufif0Notif0
fnlVerilogPrintLibraryModel) .
si: simSetDef().... fnlFormatterUnbindVars is initialized to (fnlBlockOutputs
fnlBlockBidirs fnlBlockInputs fnlBlockAllIO fnlBlockPower fnlBlockGround
fnlCurrentInTerms fnlCurrentOutTerms fnlCurrentOtherTerms
fnlVerilogDefaultPwrNets fnlVerilogDefaultGndNets fnlVerilogIncludeFileName
fnlVerilogLCVDPLFileName fnlVerilogImportHdlFilesList fnlVerilogImportingHdl
fnlVerilogUtilPrintHBInfo fnlVerilogPMList fnlVerilogPinMapErrors
fnlVerilogTopLevelPM fnlVerilogCreatePMInternal fnlVerilogPMModule fnlVerilogPM
fnlVerilogUnbindFuncs fnlVerilogInstMapTable fnlVerilogInstMapFileName
simVerilogLibraryFile simVerilogLibraryDirectory xxxInternalHDLDirName
xxxInternalNumPrefix xxxInternalGlobalsFileName xxxInternalGlobalsModuleName) .
