#
# An unexpected error has been detected by HotSpot Virtual Machine:
#
#  SIGSEGV (0xb) at pc=0xacfd2eb6, pid=26074, tid=4159945408
#
# Java VM: Java HotSpot(TM) Server VM (1.5.0_04-b05 mixed mode)
# Problematic frame:
# C  [libwslicense.so+0xb4eb6]  nnllCu+0xca
#

---------------  T H R E A D  ---------------

Current thread (0x09cd8600):  JavaThread "main" [_thread_in_native, id=26074]

siginfo:si_signo=11, si_errno=0, si_code=1, si_addr=0x00000000

Registers:
EAX=0xffc43c20, EBX=0xad06feac, ECX=0xace02000, EDX=0x00000000
ESP=0xffc43c18, EBP=0xffc44844, ESI=0x00004440, EDI=0xffc48594
EIP=0xacfd2eb6, CR2=0x00000000, EFLAGS=0x00010282

Top of Stack: (sp=0xffc43c18)
0xffc43c18:   00000000 ad06feac 00000000 00000000
0xffc43c28:   00000000 00000000 00000000 00000000
0xffc43c38:   00000000 00000000 00000000 00000000
0xffc43c48:   00000000 00000000 00000000 00000000
0xffc43c58:   00000000 00000000 00000000 00000000
0xffc43c68:   00000000 00000000 00000000 00000000
0xffc43c78:   00000000 00000000 00000000 00000000
0xffc43c88:   ffc44f2c ffc48594 ffc448cc ad037b1c 

Instructions: (pc=0xacfd2eb6)
0xacfd2ea6:   00 74 27 8b 45 fc 8b 50 0c 52 8b 45 fc 8b 50 10
0xacfd2eb6:   8b 02 50 8b 45 f0 83 c0 04 50 e8 2f 3c f6 ff 83 

Stack: [0xffa4f000,0xffc4f000),  sp=0xffc43c18,  free space=2003k
Native frames: (J=compiled Java code, j=interpreted, Vv=VM code, C=native code)
C  [libwslicense.so+0xb4eb6]  nnllCu+0xca
C  [libwslicense.so+0x99da0]
C  [libwslicense.so+0x99c2a]  bXF3YF+0x13a
C  [libwslicense.so+0xa604f]
C  [libwslicense.so+0xa5e64]  ahAdHL+0x12c
C  [libwslicense.so+0xa5bb9]  fCzBTu+0x139
C  [libwslicense.so+0xea1bd]
C  [libwslicense.so+0xe83b8]
C  [libwslicense.so+0xe79dd]  c_2GIW+0x175
C  [libwslicense.so+0xe77a3]  xcDKeZ+0xa3
C  [libwslicense.so+0xdda54]  tDuaT9+0x58a
C  [libwslicense.so+0xde0ee]  rn3jcD+0x5b
C  [libwslicense.so+0xded5e]  hwm1D_+0x119
C  [libwslicense.so+0x19ecc]  Java_COM_cadence_awd_license_License_checkLicense+0x4c
j  COM.cadence.awd.license.License.checkLicense(Ljava/lang/String;D)Z+0
j  COM.cadence.awd.license.License.doLicenseCheck([Ljava/lang/String;[LCOM/cadence/awd/license/Product;)Z+32
j  COM.cadence.awd.session.ApplicationManager.main([Ljava/lang/String;)V+346
v  ~StubRoutines::call_stub
V  [libjvm.so+0x25174c]
V  [libjvm.so+0x3f1058]
V  [libjvm.so+0x25157f]
V  [libjvm.so+0x2748c2]
V  [libjvm.so+0x269087]
C  [java+0x17fe]
C  [libc.so.6+0x15edc]  __libc_start_main+0xdc

Java frames: (J=compiled Java code, j=interpreted, Vv=VM code)
j  COM.cadence.awd.license.License.checkLicense(Ljava/lang/String;D)Z+0
j  COM.cadence.awd.license.License.doLicenseCheck([Ljava/lang/String;[LCOM/cadence/awd/license/Product;)Z+32
j  COM.cadence.awd.session.ApplicationManager.main([Ljava/lang/String;)V+346
v  ~StubRoutines::call_stub

---------------  P R O C E S S  ---------------

Java Threads: ( => current thread )
  0xaec7bc40 JavaThread "Low Memory Detector" daemon [_thread_blocked, id=26098]
  0xaec7a820 JavaThread "CompilerThread1" daemon [_thread_blocked, id=26097]
  0xaec79860 JavaThread "CompilerThread0" daemon [_thread_blocked, id=26096]
  0xaec78870 JavaThread "AdapterThread" daemon [_thread_blocked, id=26095]
  0xaec77a10 JavaThread "Signal Dispatcher" daemon [_thread_blocked, id=26094]
  0xaec6e4e8 JavaThread "Finalizer" daemon [_thread_blocked, id=26093]
  0xaec6d800 JavaThread "Reference Handler" daemon [_thread_blocked, id=26092]
=>0x09cd8600 JavaThread "main" [_thread_in_native, id=26074]

Other Threads:
  0xaec694d0 VMThread [id=26091]
  0xaec7d1c0 WatcherThread [id=26099]

VM state:not at safepoint (normal execution)

VM Mutex/Monitor currently owned by a thread: None

Heap
 PSYoungGen      total 10752K, used 1129K [0xeb800000, 0xec400000, 0xf29c0000)
  eden space 9216K, 12% used [0xeb800000,0xeb91a6b0,0xec100000)
  from space 1536K, 0% used [0xec280000,0xec280000,0xec400000)
  to   space 1536K, 0% used [0xec100000,0xec100000,0xec280000)
 PSOldGen        total 24576K, used 0K [0xb29c0000, 0xb41c0000, 0xeb800000)
  object space 24576K, 0% used [0xb29c0000,0xb29c0000,0xb41c0000)
 PSPermGen       total 24576K, used 3168K [0xaf9c0000, 0xb11c0000, 0xb29c0000)
  object space 24576K, 12% used [0xaf9c0000,0xafcd82e0,0xb11c0000)

Dynamic libraries:
004c1000-004dc000 r-xp 00000000 fd:00 1802967                            /lib/ld-2.5.so
004dc000-004dd000 r-xp 0001a000 fd:00 1802967                            /lib/ld-2.5.so
004dd000-004de000 rwxp 0001b000 fd:00 1802967                            /lib/ld-2.5.so
004e0000-00636000 r-xp 00000000 fd:00 1802254                            /lib/libc-2.5.so
00636000-00638000 r-xp 00156000 fd:00 1802254                            /lib/libc-2.5.so
00638000-00639000 rwxp 00158000 fd:00 1802254                            /lib/libc-2.5.so
00639000-0063c000 rwxp 00639000 00:00 0 
0063e000-00641000 r-xp 00000000 fd:00 1802285                            /lib/libdl-2.5.so
00641000-00642000 r-xp 00002000 fd:00 1802285                            /lib/libdl-2.5.so
00642000-00643000 rwxp 00003000 fd:00 1802285                            /lib/libdl-2.5.so
00645000-0065b000 r-xp 00000000 fd:00 1802261                            /lib/libpthread-2.5.so
0065b000-0065c000 r-xp 00015000 fd:00 1802261                            /lib/libpthread-2.5.so
0065c000-0065d000 rwxp 00016000 fd:00 1802261                            /lib/libpthread-2.5.so
0065d000-0065f000 rwxp 0065d000 00:00 0 
00661000-00688000 r-xp 00000000 fd:00 1803154                            /lib/libm-2.5.so
00688000-00689000 r-xp 00026000 fd:00 1803154                            /lib/libm-2.5.so
00689000-0068a000 rwxp 00027000 fd:00 1803154                            /lib/libm-2.5.so
00d5d000-00d72000 r-xp 00000000 fd:00 1802323                            /lib/libnsl-2.5.so
00d72000-00d73000 r-xp 00014000 fd:00 1802323                            /lib/libnsl-2.5.so
00d73000-00d74000 rwxp 00015000 fd:00 1802323                            /lib/libnsl-2.5.so
00d74000-00d76000 rwxp 00d74000 00:00 0 
08048000-08056000 r-xp 00000000 00:17 2684691243                         /tools/cadence/IC/5.1.41/tools.lnx86/jre1.50/bin/java
08056000-08058000 rwxp 0000e000 00:17 2684691243                         /tools/cadence/IC/5.1.41/tools.lnx86/jre1.50/bin/java
09cd4000-09e83000 rwxp 09cd4000 00:00 0                                  [heap]
ace02000-ace37000 r-xs 00000000 fd:02 1245190                            /var/db/nscd/hosts
ace37000-aced1000 r-xp 00000000 00:17 2684697531                         /tools/cadence/IC/5.1.41/tools.lnx86/lib/libstdc++.so.5.0.3
aced1000-acee6000 rwxp 00099000 00:17 2684697531                         /tools/cadence/IC/5.1.41/tools.lnx86/lib/libstdc++.so.5.0.3
acee6000-aceeb000 rwxp acee6000 00:00 0 
aceeb000-acef9000 r-xp 00000000 00:17 2684697459                         /tools/cadence/IC/5.1.41/tools.lnx86/lib/libcdsCommon_sh.so
acef9000-acefa000 ---p 0000e000 00:17 2684697459                         /tools/cadence/IC/5.1.41/tools.lnx86/lib/libcdsCommon_sh.so
acefa000-acefb000 rwxp 0000e000 00:17 2684697459                         /tools/cadence/IC/5.1.41/tools.lnx86/lib/libcdsCommon_sh.so
acefb000-acefe000 rwxp acefb000 00:00 0 
acefe000-acf19000 r-xp 00000000 00:17 2684697532                         /tools/cadence/IC/5.1.41/tools.lnx86/lib/libvirtuos_sh.so
acf19000-acf1b000 rwxp 0001a000 00:17 2684697532                         /tools/cadence/IC/5.1.41/tools.lnx86/lib/libvirtuos_sh.so
acf1b000-acf1e000 rwxp acf1b000 00:00 0 
acf1e000-ad064000 r-xp 00000000 00:17 2684654297                         /tools/cadence/IC/5.1.41/tools.lnx86/dfII/lib/libwslicense.so
ad064000-ad072000 rwxp 00146000 00:17 2684654297                         /tools/cadence/IC/5.1.41/tools.lnx86/dfII/lib/libwslicense.so
ad072000-ad092000 rwxp ad072000 00:00 0 
ad092000-ad100000 r-xs 00000000 00:17 2684638024                         /tools/cadence/IC/5.1.41/share/java/symphony.jar
ad100000-ad171000 rwxp ad100000 00:00 0 
ad171000-ad200000 ---p ad171000 00:00 0 
ad203000-ad235000 r-xs 00000000 00:17 2684640169                         /tools/cadence/IC/5.1.41/share/java/jai-1_1_1_01/lib/jai_codec.jar
ad235000-ad263000 r-xs 00000000 00:17 2684638020                         /tools/cadence/IC/5.1.41/share/java/crimson.jar
ad263000-ad2a9000 r-xs 00000000 00:17 2684638026                         /tools/cadence/IC/5.1.41/share/java/wsutil.jar
ad2a9000-ad4d3000 r-xs 00000000 00:17 2684638025                         /tools/cadence/IC/5.1.41/share/java/wavescan.jar
ad4d3000-ad4e1000 r-xs 00000000 00:17 2684638016                         /tools/cadence/IC/5.1.41/share/java/cds_srr.jar
ad4e1000-ad50a000 r-xs 00000000 00:17 2684638023                         /tools/cadence/IC/5.1.41/share/java/srr.jar
ad50a000-ad535000 r-xs 00000000 00:17 2684691304                         /tools/cadence/IC/5.1.41/tools.lnx86/jre1.50/lib/ext/sunpkcs11.jar
ad535000-ad5f8000 r-xs 00000000 00:17 2684691302                         /tools/cadence/IC/5.1.41/tools.lnx86/jre1.50/lib/ext/localedata.jar
ad5f8000-ad5f9000 ---p ad5f8000 00:00 0 
ad5f9000-ad679000 rwxp ad5f9000 00:00 0 
ad679000-ad67c000 ---p ad679000 00:00 0 
ad67c000-adb7a000 rwxp ad67c000 00:00 0 
adb7a000-adb7d000 ---p adb7a000 00:00 0 
adb7d000-adbfb000 rwxp adb7d000 00:00 0 
adbfb000-adbfe000 ---p adbfb000 00:00 0 
adbfe000-adc7c000 rwxp adbfe000 00:00 0 
adc7c000-adc7f000 ---p adc7c000 00:00 0 
adc7f000-adcfd000 rwxp adc7f000 00:00 0 
adcfd000-add00000 ---p adcfd000 00:00 0 
add00000-ae1fe000 rwxp add00000 00:00 0 
ae1fe000-ae201000 ---p ae1fe000 00:00 0 
ae201000-ae6ff000 rwxp ae201000 00:00 0 
ae6ff000-ae702000 ---p ae6ff000 00:00 0 
ae702000-aecfe000 rwxp ae702000 00:00 0 
aecfe000-aed00000 ---p aecfe000 00:00 0 
aed01000-aed0e000 r-xp 00000000 00:17 2684697467                         /tools/cadence/IC/5.1.41/tools.lnx86/lib/libcls_sh.so
aed0e000-aed10000 rwxp 0000c000 00:17 2684697467                         /tools/cadence/IC/5.1.41/tools.lnx86/lib/libcls_sh.so
aed10000-aed36000 r-xs 00000000 00:17 2684691303                         /tools/cadence/IC/5.1.41/tools.lnx86/jre1.50/lib/ext/sunjce_provider.jar
aed36000-aed37000 ---p aed36000 00:00 0 
aed37000-aedb7000 rwxp aed37000 00:00 0 
aedb7000-aedb8000 ---p aedb7000 00:00 0 
aedb8000-aee38000 rwxp aedb8000 00:00 0 
aee38000-aee39000 ---p aee38000 00:00 0 
aee39000-aeeb9000 rwxp aee39000 00:00 0 
aeeb9000-aeeba000 ---p aeeb9000 00:00 0 
aeeba000-aef3a000 rwxp aeeba000 00:00 0 
aef3a000-aef3b000 ---p aef3a000 00:00 0 
aef3b000-aefbb000 rwxp aef3b000 00:00 0 
aefbb000-aefbc000 ---p aefbb000 00:00 0 
aefbc000-af03c000 rwxp aefbc000 00:00 0 
af03c000-af03d000 ---p af03c000 00:00 0 
af03d000-af0bd000 rwxp af03d000 00:00 0 
af0bd000-af0be000 ---p af0bd000 00:00 0 
af0be000-af13e000 rwxp af0be000 00:00 0 
af13e000-af13f000 ---p af13e000 00:00 0 
af13f000-af1bf000 rwxp af13f000 00:00 0 
af1bf000-af1c0000 ---p af1bf000 00:00 0 
af1c0000-af240000 rwxp af1c0000 00:00 0 
af240000-af241000 ---p af240000 00:00 0 
af241000-af2c1000 rwxp af241000 00:00 0 
af2c1000-af2c2000 ---p af2c1000 00:00 0 
af2c2000-af342000 rwxp af2c2000 00:00 0 
af342000-af343000 ---p af342000 00:00 0 
af343000-af3c3000 rwxp af343000 00:00 0 
af3c3000-af3c4000 ---p af3c3000 00:00 0 
af3c4000-af444000 rwxp af3c4000 00:00 0 
af444000-af445000 ---p af444000 00:00 0 
af445000-af4c5000 rwxp af445000 00:00 0 
af4c5000-af4c6000 ---p af4c5000 00:00 0 
af4c6000-af546000 rwxp af4c6000 00:00 0 
af546000-af547000 ---p af546000 00:00 0 
af547000-af5d3000 rwxp af547000 00:00 0 
af5d3000-af5df000 rwxp af5d3000 00:00 0 
af5df000-af5eb000 rwxp af5df000 00:00 0 
af5eb000-af7a7000 rwxp af5eb000 00:00 0 
af7a7000-af7b3000 rwxp af7a7000 00:00 0 
af7b3000-af7bf000 rwxp af7b3000 00:00 0 
af7bf000-af7cb000 rwxp af7bf000 00:00 0 
af7cb000-af986000 rwxp af7cb000 00:00 0 
af986000-af98d000 rwxp af986000 00:00 0 
af98d000-af9bf000 rwxp af98d000 00:00 0 
af9bf000-b11c0000 rwxp af9bf000 00:00 0 
b11c0000-b29c0000 rwxp b11c0000 00:00 0 
b29c0000-b41c0000 rwxp b29c0000 00:00 0 
b41c0000-eb800000 rwxp b41c0000 00:00 0 
eb800000-ec400000 rwxp eb800000 00:00 0 
ec400000-f29c0000 rwxp ec400000 00:00 0 
f29c4000-f29cb000 r-xp 00000000 00:17 2684697485                         /tools/cadence/IC/5.1.41/tools.lnx86/lib/libgcc_s.so.1
f29cb000-f29cc000 rwxp 00007000 00:17 2684697485                         /tools/cadence/IC/5.1.41/tools.lnx86/lib/libgcc_s.so.1
f29cc000-f29ce000 rwxp f29cc000 00:00 0 
f29ce000-f2a4c000 rwxp f29ce000 00:00 0 
f2a4c000-f2a94000 rwxp f2a4c000 00:00 0 
f2a94000-f4a4c000 rwxp f2a94000 00:00 0 
f4a4c000-f526a000 r-xs 00000000 00:17 2684691259                         /tools/cadence/IC/5.1.41/tools.lnx86/jre1.50/lib/charsets.jar
f526a000-f527e000 r-xs 00000000 00:17 2684691285                         /tools/cadence/IC/5.1.41/tools.lnx86/jre1.50/lib/jce.jar
f527e000-f52f7000 r-xs 00000000 00:17 2684691286                         /tools/cadence/IC/5.1.41/tools.lnx86/jre1.50/lib/jsse.jar
f52f7000-f5360000 rwxp f52f7000 00:00 0 
f5360000-f7543000 r-xs 00000000 00:17 2684691293                         /tools/cadence/IC/5.1.41/tools.lnx86/jre1.50/lib/rt.jar
f7543000-f7556000 r-xp 00000000 00:17 2684691348                         /tools/cadence/IC/5.1.41/tools.lnx86/jre1.50/lib/i386/libzip.so
f7556000-f7558000 rwxp 00012000 00:17 2684691348                         /tools/cadence/IC/5.1.41/tools.lnx86/jre1.50/lib/i386/libzip.so
f7558000-f7579000 r-xp 00000000 00:17 2684691329                         /tools/cadence/IC/5.1.41/tools.lnx86/jre1.50/lib/i386/libjava.so
f7579000-f757b000 rwxp 00020000 00:17 2684691329                         /tools/cadence/IC/5.1.41/tools.lnx86/jre1.50/lib/i386/libjava.so
f757b000-f7586000 r-xp 00000000 00:17 2684691347                         /tools/cadence/IC/5.1.41/tools.lnx86/jre1.50/lib/i386/libverify.so
f7586000-f7587000 rwxp 0000b000 00:17 2684691347                         /tools/cadence/IC/5.1.41/tools.lnx86/jre1.50/lib/i386/libverify.so
f7587000-f75bc000 r-xs 00000000 fd:02 1245187                            /var/db/nscd/passwd
f75bc000-f7ac3000 r-xp 00000000 00:17 2684691358                         /tools/cadence/IC/5.1.41/tools.lnx86/jre1.50/lib/i386/server/libjvm.so
f7ac3000-f7b25000 rwxp 00506000 00:17 2684691358                         /tools/cadence/IC/5.1.41/tools.lnx86/jre1.50/lib/i386/server/libjvm.so
f7b25000-f7f3c000 rwxp f7b25000 00:00 0 
f7f3c000-f7f3d000 r-xp 00000000 00:17 2684697482                         /tools/cadence/IC/5.1.41/tools.lnx86/lib/libfastt_sh.so
f7f3d000-f7f3e000 rwxp 00000000 00:17 2684697482                         /tools/cadence/IC/5.1.41/tools.lnx86/lib/libfastt_sh.so
f7f3e000-f7f45000 r-xs 00000000 00:17 2684638022                         /tools/cadence/IC/5.1.41/share/java/jaxp.jar
f7f45000-f7f47000 r-xs 00000000 00:17 2684691301                         /tools/cadence/IC/5.1.41/tools.lnx86/jre1.50/lib/ext/dnsns.jar
f7f47000-f7f4f000 rwxs 00000000 fd:03 1015812                            /tmp/hsperfdata_zxw6805/26074
f7f4f000-f7f55000 r-xp 00000000 00:17 2684691355                         /tools/cadence/IC/5.1.41/tools.lnx86/jre1.50/lib/i386/native_threads/libhpi.so
f7f55000-f7f56000 rwxp 00006000 00:17 2684691355                         /tools/cadence/IC/5.1.41/tools.lnx86/jre1.50/lib/i386/native_threads/libhpi.so
f7f56000-f7f57000 rwxp f7f56000 00:00 0 
f7f57000-f7f58000 r-xp f7f57000 00:00 0 
f7f58000-f7f59000 rwxp f7f58000 00:00 0 
ffa4f000-ffa52000 ---p ffa4f000 00:00 0 
ffa53000-ffc4f000 rwxp 7fffffe02000 00:00 0                              [stack]
ffffe000-fffff000 r-xp ffffe000 00:00 0 

VM Arguments:
jvm_args: -Dclient.xserver.version=60900031 -Dclient.xserver.vendor=Colin -Xss5M -Xms36M -Xmx1024M -XX:PermSize=24M -XX:MaxPermSize=48M -XX:NewSize=12M -Dswing.metalTheme=steel
java_command: COM.cadence.awd.session.ApplicationManager -log ade_wavescan.log -noui -exprlang Skill -mpssession icfb25147 -mpshost vlsi-legacy

Environment Variables:
JAVA_HOME=
LD_LIBRARY_PATH=/tools/cadence/IC/5.1.41/tools.lnx86/jre1.50/lib/i386/server:/tools/cadence/IC/5.1.41/tools.lnx86/jre1.50/lib/i386:/tools/cadence/IC/5.1.41/tools.lnx86/jre1.50/../lib/i386:/tools/cadence/IC/5.1.41/share/java/COM/cadence/awd/skill/cmdlang/il:/tools/cadence/IC/5.1.41/tools/dfII/lib:/tools/cadence/IC/5.1.41/tools/mdl/lib:/tools/cadence/IC/5.1.41/tools/mdl/expr/lib:/tools/cadence/IC/5.1.41/tools/lib:/tools/cadence/IC/5.1.41
SHELL=/bin/bash
DISPLAY=localhost:11.0
ARCH=linux

Signal Handlers:
SIGSEGV: [libjvm.so+0x4b8860], sa_mask[0]=0x7ffbfeff, sa_flags=0x10000004
SIGBUS: [libjvm.so+0x4b8860], sa_mask[0]=0x7ffbfeff, sa_flags=0x10000004
SIGFPE: [libjvm.so+0x3f00a0], sa_mask[0]=0x7ffbfeff, sa_flags=0x10000004
SIGPIPE: [libjvm.so+0x3f00a0], sa_mask[0]=0x00000000, sa_flags=0x00000000
SIGILL: [libjvm.so+0x3f00a0], sa_mask[0]=0x7ffbfeff, sa_flags=0x10000004
SIGUSR1: SIG_DFL, sa_mask[0]=0x00000000, sa_flags=0x00000000
SIGUSR2: [libjvm.so+0x3f23e0], sa_mask[0]=0x00000000, sa_flags=0x10000004
SIGHUP: [libjvm.so+0x3f1e10], sa_mask[0]=0x7ffbfeff, sa_flags=0x10000004
SIGINT: [libjvm.so+0x3f1e10], sa_mask[0]=0x7ffbfeff, sa_flags=0x10000004
SIGQUIT: [libjvm.so+0x3f1e10], sa_mask[0]=0x7ffbfeff, sa_flags=0x10000004
SIGTERM: [libjvm.so+0x3f1e10], sa_mask[0]=0x7ffbfeff, sa_flags=0x10000004


---------------  S Y S T E M  ---------------

OS:CentOS release 5.10 (Final)

uname:Linux 2.6.18-371.11.1.el5 #1 SMP Wed Jul 23 15:12:55 EDT 2014 x86_64
libc:glibc 2.5 NPTL 2.5 
rlimit: STACK 10240k, CORE 0k, NPROC 1024, NOFILE 1024, AS infinity
load average:0.24 0.28 0.27

CPU:total 16 family 271, cmov, cx8, fxsr, mmx, sse, sse2, ht

Memory: 4k page, physical 8047k(5549k free), swap 8543k(8543k free)

vm_info: Java HotSpot(TM) Server VM (1.5.0_04-b05) for linux-x86, built on Jun  3 2005 02:09:05 by java_re with gcc 3.2.1-7a (J2SE release)

