================================================================================
Rule No. 215 : LNLYVIA2 -- Lonely VIA2 needs redundancy extra metal or patterning LNLYVIA2

Real Error Count : 9; Flat Error Count : 9
================================================================================

--------------------------------------------------------------------------------
Cell Name : zxw_fa2 layout zxw_lib

                   Cell Errors    Real Errors   Cell Placements     Environments
                             9              9                 1                1
--------------------------------------------------------------------------------
Env.  Env. Placements            X1           Y1          X2           Y2

  1        1                  4.550        0.550      84.250       46.250

Shape               Environments Status & Error Marker 

          1           X1         Y1         X2         Y2

   1      X        4.550     26.150      5.050     26.650
   2      X        4.550     45.750      5.050     46.250
   3      X        9.350     34.550      9.850     35.050
   4      X       35.750      0.550     36.250      1.050
   5      X       44.650     45.750     45.150     46.250
   6      X       57.350      0.550     57.850      1.050
   7      X       66.950     45.750     67.450     46.250
   8      X       81.350     27.650     81.850     28.150
   9      X       83.750     41.300     84.250     41.800

