\o Program:		@(#)$CDS: libManager.exe version Exp 03/23/2009 19:17 (ocelot-linux) $
\o Sub version:		sub-version none
\o Arguments:		-mpssession icfb18355 -mpshost vlsi-legacy 
\o Working Directory:	vlsi-legacy:/home/zxw6805/ee620
\o Cell filter set to ""
\o View filter set to ""
No main selection
\o Library Manager customization server connected.
MPS service: map window
\o Log file is "/home/zxw6805/ee620/libManager.log".
Opening libManager window.
Main selection: zxw_lib zxw_test schematic
\o Opening design file through session server.
MPS request: edit design
MPS request: update library list
Main selection: zxw_lib zxw_mux2to1 layout2
\o Opening design file through session server.
MPS request: edit design
Main selection: zxw_lib zxw_mux2to1 schematic
\o Opening design file through session server.
MPS request: edit design
Main selection: zxw_lib zxw_mux2to1 layout
\o Opening design file through session server.
MPS request: edit design
\o Opening design file through session server.
MPS request: edit design
Invoking command (editDelete).
Showing dialog "Delete CellViews" (deleteDialog).
Dialog activated Ok in "Delete CellViews" (deleteDialog).
Showing dialog "Delete Confirmation" (genericDialog).
\o Remove 1 cell view from disk?
\o 
\o Library: zxw_lib
\o      Cell: zxw_mux2to1
\o    View: layout
Dialog activated No in "Delete Confirmation" (genericDialog).
Closing dialog "Delete Confirmation" (genericDialog).
Dialog activated Ok in "Delete CellViews" (deleteDialog).
Showing dialog "Delete Confirmation" (genericDialog).
\o Remove 1 cell view from disk?
\o 
\o Library: zxw_lib
\o      Cell: zxw_mux2to1
\o    View: layout
Dialog activated Yes in "Delete Confirmation" (genericDialog).
Closing dialog "Delete Confirmation" (genericDialog).
\o Delete operation will include the DM repository.
\o Deleting view "layout" from cell "zxw_mux2to1" in library "zxw_lib".
Showing dialog "Deleting Files" (tdmWorkingDialog).
\o Deleted cellview 'zxw_lib/zxw_mux2to1/layout'.
Main selection: zxw_lib zxw_mux2to1
Closing dialog "Deleting Files" (tdmWorkingDialog).
\o Deletion of 1 view done.
Main selection: zxw_lib zxw_mux2to1 schematic
Closing dialog "Delete CellViews" (deleteDialog).
Main selection: zxw_lib zxw_mux2to1 layout2
\o Opening design file through session server.
MPS request: edit design
Main selection: zxw_lib zxw_mux2to1 schematic
\o Opening design file through session server.
MPS request: edit design
Main selection: zxw_lib zxw_aoi schematic
\o Opening design file through session server.
MPS request: edit design
Main selection: zxw_lib zxw_aoi layout
\o Opening design file through session server.
MPS request: edit design
\o Opening design file through session server.
MPS request: edit design
Main selection: zxw_lib zxw_aoi schematic
\o Opening design file through session server.
MPS request: edit design
Main selection: zxw_lib zxw_aoi layout
\o Opening design file through session server.
MPS request: edit design
Main selection: zxw_lib zxw_mux2to1 schematic
\o Opening design file through session server.
MPS request: edit design
Main selection: zxw_lib zxw_mux2to1 layout2
\o Opening design file through session server.
MPS request: edit design
Main selection: zxw_lib zxw_inv4 zxw_inv4Verilog
\o Opening design file through session server.
MPS request: edit design
Main selection: zxw_lib zxw_mux2to1 layout2
\o Opening design file through session server.
MPS request: edit design
Invoking command (fileNewCellView).
Main selection: zxw_lib zxw_inv4 zxw_inv4Verilog
\o Opening design file through session server.
MPS request: edit design
Main selection: zxw_lib zxw_mux2to1 zxw_mux2to1V
\o Opening design file through session server.
MPS request: edit design
Main selection: zxw_lib zxw_test schematic
\o Opening design file through session server.
MPS request: edit design
No main selection
\o Auto refresh applied.
Main selection: zxw_lib zxw_inv3
\o Opening design file through session server.
MPS request: edit design
MPS request: update library list
Main selection: zxw_lib zxw_mux2to1 schematic
Invoking command (fileNewCellView).
Main selection: zxw_lib zxw_mux2to1 symbol
\o Opening design file through session server.
MPS request: edit design
Main selection: zxw_lib zxw_mux2to1 zxw_mux2to1V
\o Opening design file through session server.
MPS request: edit design
Main selection: zxw_lib zxw_nand
Invoking command (fileNewCellView).
Main selection: zxw_lib zxw_nand zxw_mux2to1V
Invoking command (editDelete).
Showing dialog "Delete CellViews" (deleteDialog).
Dialog activated Ok in "Delete CellViews" (deleteDialog).
Showing dialog "Delete Confirmation" (genericDialog).
\o Remove 1 cell view from disk?
\o 
\o Library: zxw_lib
\o      Cell: zxw_nand
\o    View: zxw_mux2to1V
Dialog activated Yes in "Delete Confirmation" (genericDialog).
Closing dialog "Delete Confirmation" (genericDialog).
\o Delete operation will include the DM repository.
\o Deleting view "zxw_mux2to1V" from cell "zxw_nand" in library "zxw_lib".
Showing dialog "Deleting Files" (tdmWorkingDialog).
\o Deleted cellview 'zxw_lib/zxw_nand/zxw_mux2to1V'.
Main selection: zxw_lib zxw_nand
Closing dialog "Deleting Files" (tdmWorkingDialog).
\o Deletion of 1 view done.
Closing dialog "Delete CellViews" (deleteDialog).
Invoking command (fileNewCellView).
Main selection: zxw_lib zxw_nand schematic
\o Opening design file through session server.
MPS request: edit design
Main selection: zxw_lib zxw_nand layout
\o Opening design file through session server.
MPS request: edit design
Main selection: zxw_lib zxw_nand schematic
\o Opening design file through session server.
MPS request: edit design
Main selection: zxw_lib zxw_nand symbol
\o Opening design file through session server.
MPS request: edit design
Main selection: zxw_lib zxw_nand layout
\o Opening design file through session server.
MPS request: edit design
Main selection: zxw_lib zxw_nand zxw_nandV
\o Opening design file through session server.
MPS request: edit design
Main selection: zxw_lib zxw_nor schematic
\o Opening design file through session server.
MPS request: edit design
Main selection: zxw_lib zxw_nor layout
\o Opening design file through session server.
MPS request: edit design
Main selection: zxw_lib zxw_nor schematic
Invoking command (fileNewCellView).
Main selection: zxw_lib zxw_nor
\o Opening design file through session server.
MPS request: edit design
Main selection: zxw_lib zxw_nor schematic
MPS request: update library list
Main selection: zxw_lib zxw_nor symbol
\o Opening design file through session server.
MPS request: edit design
Main selection: zxw_lib zxw_nor zxw_norV
\o Opening design file through session server.
MPS request: edit design
Main selection: zxw_lib zxw_aoi schematic
Invoking command (fileNewCellView).
\o Opening design file through session server.
MPS request: edit design
Main selection: zxw_lib zxw_aoi zxw_aoiV
\o Opening design file through session server.
MPS request: edit design
\o Opening design file through session server.
MPS request: edit design
Main selection: zxw_lib zxw_aoi symbol
\o Opening design file through session server.
MPS request: edit design
Main selection: zxw_lib zxw_mux2to1 layout2
\o Opening design file through session server.
MPS request: edit design
Main selection: zxw_lib zxw_aoi layout
\o Opening design file through session server.
MPS request: edit design
