================================================================================
Rule No. 133 : NCHNER -- NCHaN ERror if nchan is not identical to tub == 

Real Error Count : 3; Flat Error Count : 3
================================================================================

--------------------------------------------------------------------------------
Cell Name : zxw_inv1 layout zxw_lib

                   Cell Errors    Real Errors   Cell Placements     Environments
                             3              3                 1                1
--------------------------------------------------------------------------------
Env.  Env. Placements            X1           Y1          X2           Y2

  1        1                  0.000       12.900      10.200       29.900

Shape               Environments Status & Error Marker 

          1           X1         Y1         X2         Y2

   1      X        0.000     12.900     10.100     14.550
   2      X        0.000     29.750     10.100     29.900
   3      X       10.100     14.550     10.200     29.750

================================================================================
Rule No. 145 : FLOTNW -- FLOaTing N-Wells  

Real Error Count : 1; Flat Error Count : 1
================================================================================

--------------------------------------------------------------------------------
Cell Name : zxw_inv1 layout zxw_lib

                   Cell Errors    Real Errors   Cell Placements     Environments
                             1              1                 1                1
--------------------------------------------------------------------------------
Env.  Env. Placements            X1           Y1          X2           Y2

  1        1                  0.000       12.900      10.100       29.900

Shape               Environments Status & Error Marker 

          1           X1         Y1         X2         Y2

   1      X        0.000     12.900     10.100     29.900

================================================================================
Rule No. 146 : FLOTPW -- FLOaTing P-Wells  

Real Error Count : 1; Flat Error Count : 1
================================================================================

--------------------------------------------------------------------------------
Cell Name : zxw_inv1 layout zxw_lib

                   Cell Errors    Real Errors   Cell Placements     Environments
                             1              1                 1                1
--------------------------------------------------------------------------------
Env.  Env. Placements            X1           Y1          X2           Y2

  1        1                  0.000       -0.200      10.200       30.000

Shape               Environments Status & Error Marker 

          1           X1         Y1         X2         Y2

   1      X        0.000     -0.200     10.200     30.000

================================================================================
Rule No. 149 : TUBW -- Min TUB Width < 2.50

Real Error Count : 2; Flat Error Count : 2
================================================================================

--------------------------------------------------------------------------------
Cell Name : zxw_inv1 layout zxw_lib

                   Cell Errors    Real Errors   Cell Placements     Environments
                             2              2                 1                1
--------------------------------------------------------------------------------
Env.  Env. Placements            X1           Y1          X2           Y2

  1        1                  3.400       12.900       6.350       14.500

Shape               Environments Status & Error Marker 

          1           X1         Y1         X2         Y2

   1      X        3.400     12.900      4.800     14.500
   2      X        5.750     12.900      6.350     14.500

================================================================================
Rule No. 150 : TUBSPR -- Min TUB Spacing related < 2.00

Real Error Count : 1; Flat Error Count : 1
================================================================================

--------------------------------------------------------------------------------
Cell Name : zxw_inv1 layout zxw_lib

                   Cell Errors    Real Errors   Cell Placements     Environments
                             1              1                 1                1
--------------------------------------------------------------------------------
Env.  Env. Placements            X1           Y1          X2           Y2

  1        1                  4.800       12.900       5.750       14.500

Shape               Environments Status & Error Marker 

          1           X1         Y1         X2         Y2

   1      X        4.800     12.900      5.750     14.500

================================================================================
Rule No. 157 : POLYW -- Min POLY Width < 0.60

Real Error Count : 2; Flat Error Count : 2
================================================================================

--------------------------------------------------------------------------------
Cell Name : zxw_inv1 layout zxw_lib

                   Cell Errors    Real Errors   Cell Placements     Environments
                             2              2                 1                1
--------------------------------------------------------------------------------
Env.  Env. Placements            X1           Y1          X2           Y2

  1        1                  4.800        5.650       5.300       23.950

Shape               Environments Status & Error Marker 

          1           X1         Y1         X2         Y2

   1      X        4.800      5.650      5.300     12.882
   2      X        4.800     15.718      5.300     23.950

================================================================================
Rule No. 161 : NPCOIN -- Nplus/Pplus COINcide  == 

Real Error Count : 3; Flat Error Count : 3
================================================================================

--------------------------------------------------------------------------------
Cell Name : zxw_inv1 layout zxw_lib

                   Cell Errors    Real Errors   Cell Placements     Environments
                             3              3                 1                1
--------------------------------------------------------------------------------
Env.  Env. Placements            X1           Y1          X2           Y2

  1        1                  2.700        6.850       9.450       22.800

Shape               Environments Status & Error Marker 

          1           X1         Y1         X2         Y2

   1      X        2.700     19.800      7.950     22.800
   2      X        8.000     20.300      9.300     22.650
   3      X        8.050      6.850      9.450      9.950

================================================================================
Rule No. 162 : ZENER -- P/N Active not at the same potential < 0.90

Real Error Count : 5; Flat Error Count : 5
================================================================================

--------------------------------------------------------------------------------
Cell Name : zxw_inv1 layout zxw_lib

                   Cell Errors    Real Errors   Cell Placements     Environments
                             5              5                 1                1
--------------------------------------------------------------------------------
Env.  Env. Placements            X1           Y1          X2           Y2

  1        1                  2.698       19.950       7.950       22.850

Shape               Environments Status & Error Marker 

          1           X1         Y1         X2         Y2

   1      X        2.698     19.950      2.702     22.800
   2      X        2.700     22.798      4.800     22.802
   3      X        4.800     22.052      5.300     22.850
   4      X        4.800     22.052      5.300     22.850
   5      X        5.300     22.798      7.950     22.802

================================================================================
Rule No. 164 : PPACSP -- Min PPls to ACtive SPacing < 0.30

Real Error Count : 2; Flat Error Count : 2
================================================================================

--------------------------------------------------------------------------------
Cell Name : zxw_inv1 layout zxw_lib

                   Cell Errors    Real Errors   Cell Placements     Environments
                             2              2                 1                1
--------------------------------------------------------------------------------
Env.  Env. Placements            X1           Y1          X2           Y2

  1        1                  4.500        6.876       8.050       22.802

Shape               Environments Status & Error Marker 

          1           X1         Y1         X2         Y2

   1      X        4.500     22.798      5.600     22.802
   2      X        7.850      6.876      8.050      9.424

================================================================================
Rule No. 165 : PPEOAC -- Min PPls Enclosure Of ACtive < 0.30

Real Error Count : 2; Flat Error Count : 2
================================================================================

--------------------------------------------------------------------------------
Cell Name : zxw_inv1 layout zxw_lib

                   Cell Errors    Real Errors   Cell Placements     Environments
                             2              2                 1                1
--------------------------------------------------------------------------------
Env.  Env. Placements            X1           Y1          X2           Y2

  1        1                  4.500       19.800       5.600       22.802

Shape               Environments Status & Error Marker 

          1           X1         Y1         X2         Y2

   1      X        4.500     22.798      5.600     22.802
   2      X        4.540     19.800      5.560     19.950

================================================================================
Rule No. 168 : ACEOCT -- Min ACtive Enclosure Of CnT < 0.30

Real Error Count : 8; Flat Error Count : 8
================================================================================

--------------------------------------------------------------------------------
Cell Name : zxw_inv1 layout zxw_lib

                   Cell Errors    Real Errors   Cell Placements     Environments
                             8              8                 1                1
--------------------------------------------------------------------------------
Env.  Env. Placements            X1           Y1          X2           Y2

  1        1                  3.576        7.100       6.574       20.150

Shape               Environments Status & Error Marker 

          1           X1         Y1         X2         Y2

   1      X        3.576      7.100      4.524      7.300
   2      X        3.576     19.950      4.524     20.150
   3      X        3.634      8.950      4.350      9.200
   4      X        4.300      8.654      4.350      9.200
   5      X        5.626      7.100      6.574      7.300
   6      X        5.626     19.950      6.574     20.150
   7      X        5.800      8.654      5.850      9.200
   8      X        5.800      8.950      6.516      9.200

================================================================================
Rule No. 177 : CNTSP -- Min CNT SPacing < 0.50

Real Error Count : 5; Flat Error Count : 5
================================================================================

--------------------------------------------------------------------------------
Cell Name : zxw_inv1 layout zxw_lib

                   Cell Errors    Real Errors   Cell Placements     Environments
                             5              5                 1                1
--------------------------------------------------------------------------------
Env.  Env. Placements            X1           Y1          X2           Y2

  1        1                  3.800       20.600       8.850       21.800

Shape               Environments Status & Error Marker 

          1           X1         Y1         X2         Y2

   1      X        3.800     20.600      4.300     21.000
   2      X        3.800     21.450      4.300     21.800
   3      X        5.850     20.600      6.350     21.000
   4      X        5.850     21.450      6.350     21.800
   5      X        8.350     21.450      8.850     21.800

================================================================================
Rule No. 178 : CNTW -- Man CNT Width  0.50

Real Error Count : 14; Flat Error Count : 14
================================================================================

--------------------------------------------------------------------------------
Cell Name : zxw_inv1 layout zxw_lib

                   Cell Errors    Real Errors   Cell Placements     Environments
                            14             14                 1                1
--------------------------------------------------------------------------------
Env.  Env. Placements            X1           Y1          X2           Y2

  1        1                  3.800        7.300       8.950       22.250

Shape               Environments Status & Error Marker 

          1           X1         Y1         X2         Y2

   1      X        3.800      7.300      4.300      7.750
   2      X        3.800      8.500      4.300      8.950
   3      X        3.800     20.150      4.300     20.600
   4      X        3.800     21.000      4.300     21.450
   5      X        3.800     21.800      4.300     22.250
   6      X        5.850      7.300      6.350      7.750
   7      X        5.850      8.500      6.350      8.950
   8      X        5.850     20.150      6.350     20.600
   9      X        5.850     21.000      6.350     21.450
  10      X        5.850     21.800      6.350     22.250
  11      X        8.350     21.000      8.850     21.450
  12      X        8.350     21.800      8.850     22.250
  13      X        8.450      7.300      8.950      7.750
  14      X        8.450      8.500      8.950      8.950

================================================================================
Rule No. 179 : CTOFLD -- CnT Over FieLD CTOFLD

Real Error Count : 4; Flat Error Count : 4
================================================================================

--------------------------------------------------------------------------------
Cell Name : zxw_inv1 layout zxw_lib

                   Cell Errors    Real Errors   Cell Placements     Environments
                             4              4                 1                1
--------------------------------------------------------------------------------
Env.  Env. Placements            X1           Y1          X2           Y2

  1        1                  8.350        7.300       8.950       22.250

Shape               Environments Status & Error Marker 

          1           X1         Y1         X2         Y2

   1      X        8.350     21.000      8.850     21.450
   2      X        8.350     21.800      8.850     22.250
   3      X        8.450      7.300      8.950      7.750
   4      X        8.450      8.500      8.950      8.950

================================================================================
Rule No. 184 : M1EOCT -- Min M1 Enclosure Of CnT < 0.20

Real Error Count : 10; Flat Error Count : 10
================================================================================

--------------------------------------------------------------------------------
Cell Name : zxw_inv1 layout zxw_lib

                   Cell Errors    Real Errors   Cell Placements     Environments
                            10             10                 1                1
--------------------------------------------------------------------------------
Env.  Env. Placements            X1           Y1          X2           Y2

  1        1                  3.600        7.168       8.450       22.382

Shape               Environments Status & Error Marker 

          1           X1         Y1         X2         Y2

   1      X        3.600      8.948      4.450      8.952
   2      X        3.627     20.050      4.473     20.150
   3      X        4.300      7.168      4.450      7.882
   4      X        4.300      8.368      4.450      8.950
   5      X        5.677      7.200      6.523      7.300
   6      X        5.677     22.250      6.523     22.350
   7      X        8.200     20.868      8.350     21.582
   8      X        8.200     21.668      8.350     22.382
   9      X        8.300      7.168      8.450      7.882
  10      X        8.300      8.368      8.450      9.082

================================================================================
Rule No. 188 : M1SP -- Min M1 SPacing < 0.60

Real Error Count : 1; Flat Error Count : 1
================================================================================

--------------------------------------------------------------------------------
Cell Name : zxw_inv1 layout zxw_lib

                   Cell Errors    Real Errors   Cell Placements     Environments
                             1              1                 1                1
--------------------------------------------------------------------------------
Env.  Env. Placements            X1           Y1          X2           Y2

  1        1                  2.652       23.950       5.198       24.000

Shape               Environments Status & Error Marker 

          1           X1         Y1         X2         Y2

   1      X        2.652     23.950      5.198     24.000

================================================================================
Rule No. 193 : VIAW -- Man VIA Width  0.50

Real Error Count : 4; Flat Error Count : 4
================================================================================

--------------------------------------------------------------------------------
Cell Name : zxw_inv1 layout zxw_lib

                   Cell Errors    Real Errors   Cell Placements     Environments
                             4              4                 1                1
--------------------------------------------------------------------------------
Env.  Env. Placements            X1           Y1          X2           Y2

  1        1                  3.800       13.450       6.350       15.650

Shape               Environments Status & Error Marker 

          1           X1         Y1         X2         Y2

   1      X        3.800     13.450      4.300     13.900
   2      X        3.800     15.200      4.300     15.650
   3      X        5.850     13.450      6.350     13.900
   4      X        5.850     15.200      6.350     15.650

================================================================================
Rule No. 194 : VINOM1 -- VIa with NO M1 under VINOM1

Real Error Count : 2; Flat Error Count : 2
================================================================================

--------------------------------------------------------------------------------
Cell Name : zxw_inv1 layout zxw_lib

                   Cell Errors    Real Errors   Cell Placements     Environments
                             2              2                 1                1
--------------------------------------------------------------------------------
Env.  Env. Placements            X1           Y1          X2           Y2

  1        1                  3.800       13.450       4.300       15.650

Shape               Environments Status & Error Marker 

          1           X1         Y1         X2         Y2

   1      X        3.800     13.450      4.300     13.900
   2      X        3.800     15.200      4.300     15.650

================================================================================
Rule No. 197 : VINOM2 -- VIa with NO M2 cover VINOM2

Real Error Count : 4; Flat Error Count : 4
================================================================================

--------------------------------------------------------------------------------
Cell Name : zxw_inv1 layout zxw_lib

                   Cell Errors    Real Errors   Cell Placements     Environments
                             4              4                 1                1
--------------------------------------------------------------------------------
Env.  Env. Placements            X1           Y1          X2           Y2

  1        1                  3.800       13.450       6.350       15.650

Shape               Environments Status & Error Marker 

          1           X1         Y1         X2         Y2

   1      X        3.800     13.450      4.300     13.900
   2      X        3.800     15.200      4.300     15.650
   3      X        5.850     13.450      6.350     13.900
   4      X        5.850     15.200      6.350     15.650

================================================================================
Rule No. 202 : LNLYVIA1 -- Lonely VIA1 needs redundancy extra metal or patterning LNLYVIA1

Real Error Count : 2; Flat Error Count : 2
================================================================================

--------------------------------------------------------------------------------
Cell Name : zxw_inv1 layout zxw_lib

                   Cell Errors    Real Errors   Cell Placements     Environments
                             2              2                 1                1
--------------------------------------------------------------------------------
Env.  Env. Placements            X1           Y1          X2           Y2

  1        1                  5.850       13.450       6.350       15.650

Shape               Environments Status & Error Marker 

          1           X1         Y1         X2         Y2

   1      X        5.850     13.450      6.350     13.900
   2      X        5.850     15.200      6.350     15.650

================================================================================
Rule No. 211 : M3W -- Min M3 Width < 0.80

Real Error Count : 3; Flat Error Count : 3
================================================================================

--------------------------------------------------------------------------------
Cell Name : zxw_inv1 layout zxw_lib

                   Cell Errors    Real Errors   Cell Placements     Environments
                             3              3                 1                1
--------------------------------------------------------------------------------
Env.  Env. Placements            X1           Y1          X2           Y2

  1        1                  4.300       -0.200       6.750       30.000

Shape               Environments Status & Error Marker 

          1           X1         Y1         X2         Y2

   1      X        4.300     29.139      4.750     30.000
   2      X        5.850     -0.200      6.400     29.800
   3      X        6.450     -0.200      6.750     29.850

================================================================================
Rule No. 213 : M3SP -- Min M3 SPacing < 0.70

Real Error Count : 1; Flat Error Count : 1
================================================================================

--------------------------------------------------------------------------------
Cell Name : zxw_inv1 layout zxw_lib

                   Cell Errors    Real Errors   Cell Placements     Environments
                             1              1                 1                1
--------------------------------------------------------------------------------
Env.  Env. Placements            X1           Y1          X2           Y2

  1        1                  6.400       -0.200       6.450       29.850

Shape               Environments Status & Error Marker 

          1           X1         Y1         X2         Y2

   1      X        6.400     -0.200      6.450     29.850

